{"numTotalTestSuites":60,"numPassedTestSuites":41,"numFailedTestSuites":19,"numPendingTestSuites":0,"numTotalTests":139,"numPassedTests":117,"numFailedTests":22,"numPendingTests":0,"numTodoTests":0,"snapshot":{"added":0,"failure":false,"filesAdded":0,"filesRemoved":0,"filesRemovedList":[],"filesUnmatched":0,"filesUpdated":0,"matched":0,"total":0,"unchecked":0,"uncheckedKeysByFile":[],"unmatched":0,"updated":0,"didUpdate":false},"startTime":1755696107248,"success":false,"testResults":[{"assertionResults":[{"ancestorTitles":["API Routes","/api/feedback","POST"],"fullName":"API Routes /api/feedback POST should return 400 if messageId is missing","status":"passed","title":"should return 400 if messageId is missing","duration":2.3441669999999704,"failureMessages":[],"meta":{}},{"ancestorTitles":["API Routes","/api/feedback","POST"],"fullName":"API Routes /api/feedback POST should return 400 if feedback is missing","status":"passed","title":"should return 400 if feedback is missing","duration":0.3891249999999218,"failureMessages":[],"meta":{}},{"ancestorTitles":["API Routes","/api/feedback","POST"],"fullName":"API Routes /api/feedback POST should return 400 for invalid feedback type","status":"passed","title":"should return 400 for invalid feedback type","duration":0.47687500000006366,"failureMessages":[],"meta":{}},{"ancestorTitles":["API Routes","/api/feedback","POST"],"fullName":"API Routes /api/feedback POST should return 401 if user authentication fails","status":"passed","title":"should return 401 if user authentication fails","duration":0.4292080000000169,"failureMessages":[],"meta":{}},{"ancestorTitles":["API Routes","/api/feedback","POST"],"fullName":"API Routes /api/feedback POST should return 401 if getUser fails","status":"passed","title":"should return 401 if getUser fails","duration":0.33620799999994233,"failureMessages":[],"meta":{}},{"ancestorTitles":["API Routes","/api/feedback","POST"],"fullName":"API Routes /api/feedback POST should return 500 if database insert fails","status":"passed","title":"should return 500 if database insert fails","duration":7.036374999999907,"failureMessages":[],"meta":{}},{"ancestorTitles":["API Routes","/api/feedback","POST"],"fullName":"API Routes /api/feedback POST should successfully submit feedback without runId","status":"passed","title":"should successfully submit feedback without runId","duration":0.4487500000000182,"failureMessages":[],"meta":{}},{"ancestorTitles":["API Routes","/api/feedback","POST"],"fullName":"API Routes /api/feedback POST should successfully submit feedback with runId and call LangSmith","status":"passed","title":"should successfully submit feedback with runId and call LangSmith","duration":1.4635410000000775,"failureMessages":[],"meta":{}},{"ancestorTitles":["API Routes","/api/feedback","POST"],"fullName":"API Routes /api/feedback POST should handle LangSmith failure gracefully","status":"passed","title":"should handle LangSmith failure gracefully","duration":0.7453330000000733,"failureMessages":[],"meta":{}},{"ancestorTitles":["API Routes","/api/feedback","POST"],"fullName":"API Routes /api/feedback POST should handle unexpected errors","status":"passed","title":"should handle unexpected errors","duration":0.39383300000008603,"failureMessages":[],"meta":{}},{"ancestorTitles":["API Routes","/api/feedback","GET"],"fullName":"API Routes /api/feedback GET should return 400 if messageId is missing","status":"passed","title":"should return 400 if messageId is missing","duration":0.5953750000001037,"failureMessages":[],"meta":{}},{"ancestorTitles":["API Routes","/api/feedback","GET"],"fullName":"API Routes /api/feedback GET should return 400 if userId is missing","status":"passed","title":"should return 400 if userId is missing","duration":0.22679100000004837,"failureMessages":[],"meta":{}},{"ancestorTitles":["API Routes","/api/feedback","GET"],"fullName":"API Routes /api/feedback GET should return 401 if user authentication fails","status":"passed","title":"should return 401 if user authentication fails","duration":0.2642919999998412,"failureMessages":[],"meta":{}},{"ancestorTitles":["API Routes","/api/feedback","GET"],"fullName":"API Routes /api/feedback GET should return feedback successfully","status":"passed","title":"should return feedback successfully","duration":0.4032919999999649,"failureMessages":[],"meta":{}},{"ancestorTitles":["API Routes","/api/feedback","GET"],"fullName":"API Routes /api/feedback GET should handle no feedback found","status":"passed","title":"should handle no feedback found","duration":0.4020829999999478,"failureMessages":[],"meta":{}},{"ancestorTitles":["API Routes","/api/user-key-status","GET"],"fullName":"API Routes /api/user-key-status GET should return all providers as false when Supabase is not configured","status":"passed","title":"should return all providers as false when Supabase is not configured","duration":0.3899579999999787,"failureMessages":[],"meta":{}},{"ancestorTitles":["API Routes","/api/user-key-status","GET"],"fullName":"API Routes /api/user-key-status GET should return all providers as false when user is not authenticated","status":"passed","title":"should return all providers as false when user is not authenticated","duration":0.2765839999999571,"failureMessages":[],"meta":{}},{"ancestorTitles":["API Routes","/api/user-key-status","GET"],"fullName":"API Routes /api/user-key-status GET should return provider status based on user keys","status":"passed","title":"should return provider status based on user keys","duration":0.31845800000019153,"failureMessages":[],"meta":{}},{"ancestorTitles":["API Routes","/api/user-key-status","GET"],"fullName":"API Routes /api/user-key-status GET should return 500 if database query fails","status":"passed","title":"should return 500 if database query fails","duration":0.24791700000014316,"failureMessages":[],"meta":{}},{"ancestorTitles":["API Routes","/api/user-key-status","GET"],"fullName":"API Routes /api/user-key-status GET should handle unexpected errors","status":"passed","title":"should handle unexpected errors","duration":0.3718330000001515,"failureMessages":[],"meta":{}},{"ancestorTitles":["API Routes","/api/user-preferences/favorite-models","GET"],"fullName":"API Routes /api/user-preferences/favorite-models GET should return empty favorites when Supabase is not configured","status":"passed","title":"should return empty favorites when Supabase is not configured","duration":0.29429099999993014,"failureMessages":[],"meta":{}},{"ancestorTitles":["API Routes","/api/user-preferences/favorite-models","GET"],"fullName":"API Routes /api/user-preferences/favorite-models GET should return empty favorites when user is not authenticated","status":"passed","title":"should return empty favorites when user is not authenticated","duration":0.23545799999988049,"failureMessages":[],"meta":{}},{"ancestorTitles":["API Routes","/api/user-preferences/favorite-models","GET"],"fullName":"API Routes /api/user-preferences/favorite-models GET should return user favorite models","status":"passed","title":"should return user favorite models","duration":0.2822919999998703,"failureMessages":[],"meta":{}},{"ancestorTitles":["API Routes","/api/user-preferences/favorite-models","GET"],"fullName":"API Routes /api/user-preferences/favorite-models GET should handle database error","status":"passed","title":"should handle database error","duration":0.7189169999999194,"failureMessages":[],"meta":{}},{"ancestorTitles":["API Routes","/api/user-preferences/favorite-models","POST"],"fullName":"API Routes /api/user-preferences/favorite-models POST should return empty favorites when Supabase is not configured","status":"passed","title":"should return empty favorites when Supabase is not configured","duration":0.34191599999985556,"failureMessages":[],"meta":{}},{"ancestorTitles":["API Routes","/api/user-preferences/favorite-models","POST"],"fullName":"API Routes /api/user-preferences/favorite-models POST should return 400 if favorite_models is not an array","status":"passed","title":"should return 400 if favorite_models is not an array","duration":0.26308300000005147,"failureMessages":[],"meta":{}},{"ancestorTitles":["API Routes","/api/user-preferences/favorite-models","POST"],"fullName":"API Routes /api/user-preferences/favorite-models POST should return 400 if favorite_models contains non-string values","status":"passed","title":"should return 400 if favorite_models contains non-string values","duration":0.25612500000011096,"failureMessages":[],"meta":{}},{"ancestorTitles":["API Routes","/api/user-preferences/favorite-models","POST"],"fullName":"API Routes /api/user-preferences/favorite-models POST should successfully update favorite models","status":"passed","title":"should successfully update favorite models","duration":0.31500000000005457,"failureMessages":[],"meta":{}},{"ancestorTitles":["API Routes","/api/user-preferences/favorite-models","POST"],"fullName":"API Routes /api/user-preferences/favorite-models POST should handle database update error","status":"passed","title":"should handle database update error","duration":0.3395410000000538,"failureMessages":[],"meta":{}},{"ancestorTitles":["API Routes","/api/health","GET"],"fullName":"API Routes /api/health GET should return health status","status":"passed","title":"should return health status","duration":0.6950830000000678,"failureMessages":[],"meta":{}},{"ancestorTitles":["API Routes","/api/health","GET"],"fullName":"API Routes /api/health GET should always return status ok","status":"passed","title":"should always return status ok","duration":0.2391250000000582,"failureMessages":[],"meta":{}},{"ancestorTitles":["API Routes","/api/health","GET"],"fullName":"API Routes /api/health GET should return current timestamp","status":"passed","title":"should return current timestamp","duration":0.2261670000000322,"failureMessages":[],"meta":{}}],"startTime":1755696108228,"endTime":1755696108251.226,"status":"passed","message":"","name":"/Users/neo/Developer/experiments/HGG/robo-chat/tests/unit/api-routes.test.ts"},{"assertionResults":[{"ancestorTitles":["ChatInput focus resilience with suggestions"],"fullName":"ChatInput focus resilience with suggestions retains focus and allows typing after suggestions appear","status":"failed","title":"retains focus and allows typing after suggestions appear","duration":15.433791999999812,"failureMessages":["ReferenceError: React is not defined\n    at ChatInput (/Users/neo/Developer/experiments/HGG/robo-chat/app/components/chat-input/chat-input.tsx:187:3)\n    at Object.react_stack_bottom_frame (/Users/neo/Developer/experiments/HGG/robo-chat/node_modules/react-dom/cjs/react-dom-client.development.js:23863:20)\n    at renderWithHooks (/Users/neo/Developer/experiments/HGG/robo-chat/node_modules/react-dom/cjs/react-dom-client.development.js:5529:22)\n    at updateFunctionComponent (/Users/neo/Developer/experiments/HGG/robo-chat/node_modules/react-dom/cjs/react-dom-client.development.js:8897:19)\n    at beginWork (/Users/neo/Developer/experiments/HGG/robo-chat/node_modules/react-dom/cjs/react-dom-client.development.js:10522:18)\n    at runWithFiberInDEV (/Users/neo/Developer/experiments/HGG/robo-chat/node_modules/react-dom/cjs/react-dom-client.development.js:1522:13)\n    at performUnitOfWork (/Users/neo/Developer/experiments/HGG/robo-chat/node_modules/react-dom/cjs/react-dom-client.development.js:15140:22)\n    at workLoopSync (/Users/neo/Developer/experiments/HGG/robo-chat/node_modules/react-dom/cjs/react-dom-client.development.js:14956:41)\n    at renderRootSync (/Users/neo/Developer/experiments/HGG/robo-chat/node_modules/react-dom/cjs/react-dom-client.development.js:14936:11)\n    at performWorkOnRoot (/Users/neo/Developer/experiments/HGG/robo-chat/node_modules/react-dom/cjs/react-dom-client.development.js:14462:44)"],"meta":{}}],"startTime":1755696111061,"endTime":1755696111076.4338,"status":"failed","message":"","name":"/Users/neo/Developer/experiments/HGG/robo-chat/tests/unit/chat-input-focus.test.tsx"},{"assertionResults":[{"ancestorTitles":["Chat redirect gating"],"fullName":"Chat redirect gating does not redirect before chats have fetched","status":"failed","title":"does not redirect before chats have fetched","duration":3.2464170000002923,"failureMessages":["TypeError: redirect.mockClear is not a function\n    at /Users/neo/Developer/experiments/HGG/robo-chat/tests/unit/chat-redirect.test.tsx:92:14\n    at file:///Users/neo/Developer/experiments/HGG/robo-chat/node_modules/@vitest/runner/dist/index.js:146:14\n    at runWithTimeout (file:///Users/neo/Developer/experiments/HGG/robo-chat/node_modules/@vitest/runner/dist/index.js:39:7)\n    at callSuiteHook (file:///Users/neo/Developer/experiments/HGG/robo-chat/node_modules/@vitest/runner/dist/index.js:964:28)\n    at runTest (file:///Users/neo/Developer/experiments/HGG/robo-chat/node_modules/@vitest/runner/dist/index.js:1040:30)\n    at runSuite (file:///Users/neo/Developer/experiments/HGG/robo-chat/node_modules/@vitest/runner/dist/index.js:1205:15)\n    at runSuite (file:///Users/neo/Developer/experiments/HGG/robo-chat/node_modules/@vitest/runner/dist/index.js:1205:15)\n    at runFiles (file:///Users/neo/Developer/experiments/HGG/robo-chat/node_modules/@vitest/runner/dist/index.js:1262:5)\n    at startTests (file:///Users/neo/Developer/experiments/HGG/robo-chat/node_modules/@vitest/runner/dist/index.js:1271:3)\n    at file:///Users/neo/Developer/experiments/HGG/robo-chat/node_modules/vitest/dist/chunks/runBaseTests.3qpJUEJM.js:126:11"],"meta":{}},{"ancestorTitles":["Chat redirect gating"],"fullName":"Chat redirect gating redirects when chats have fetched and chat is missing","status":"failed","title":"redirects when chats have fetched and chat is missing","duration":0.22966700000051787,"failureMessages":["TypeError: redirect.mockClear is not a function\n    at /Users/neo/Developer/experiments/HGG/robo-chat/tests/unit/chat-redirect.test.tsx:92:14\n    at file:///Users/neo/Developer/experiments/HGG/robo-chat/node_modules/@vitest/runner/dist/index.js:146:14\n    at runWithTimeout (file:///Users/neo/Developer/experiments/HGG/robo-chat/node_modules/@vitest/runner/dist/index.js:39:7)\n    at callSuiteHook (file:///Users/neo/Developer/experiments/HGG/robo-chat/node_modules/@vitest/runner/dist/index.js:964:28)\n    at runTest (file:///Users/neo/Developer/experiments/HGG/robo-chat/node_modules/@vitest/runner/dist/index.js:1040:30)\n    at runSuite (file:///Users/neo/Developer/experiments/HGG/robo-chat/node_modules/@vitest/runner/dist/index.js:1205:15)\n    at runSuite (file:///Users/neo/Developer/experiments/HGG/robo-chat/node_modules/@vitest/runner/dist/index.js:1205:15)\n    at runFiles (file:///Users/neo/Developer/experiments/HGG/robo-chat/node_modules/@vitest/runner/dist/index.js:1262:5)\n    at startTests (file:///Users/neo/Developer/experiments/HGG/robo-chat/node_modules/@vitest/runner/dist/index.js:1271:3)\n    at file:///Users/neo/Developer/experiments/HGG/robo-chat/node_modules/vitest/dist/chunks/runBaseTests.3qpJUEJM.js:126:11"],"meta":{}}],"startTime":1755696111364,"endTime":1755696111368.2297,"status":"failed","message":"","name":"/Users/neo/Developer/experiments/HGG/robo-chat/tests/unit/chat-redirect.test.tsx"},{"assertionResults":[{"ancestorTitles":["Encryption Module","encryptKey"],"fullName":"Encryption Module encryptKey should encrypt plaintext and return encrypted data with IV","status":"passed","title":"should encrypt plaintext and return encrypted data with IV","duration":1.5634999999999764,"failureMessages":[],"meta":{}},{"ancestorTitles":["Encryption Module","encryptKey"],"fullName":"Encryption Module encryptKey should handle empty plaintext","status":"passed","title":"should handle empty plaintext","duration":0.21258299999999508,"failureMessages":[],"meta":{}},{"ancestorTitles":["Encryption Module","encryptKey"],"fullName":"Encryption Module encryptKey should handle long plaintext","status":"passed","title":"should handle long plaintext","duration":0.46308299999986957,"failureMessages":[],"meta":{}},{"ancestorTitles":["Encryption Module","encryptKey"],"fullName":"Encryption Module encryptKey should generate different IVs for each call","status":"passed","title":"should generate different IVs for each call","duration":2.073333000000048,"failureMessages":[],"meta":{}},{"ancestorTitles":["Encryption Module","decryptKey"],"fullName":"Encryption Module decryptKey should decrypt data that was encrypted with encryptKey","status":"passed","title":"should decrypt data that was encrypted with encryptKey","duration":0.8252919999999904,"failureMessages":[],"meta":{}},{"ancestorTitles":["Encryption Module","decryptKey"],"fullName":"Encryption Module decryptKey should handle different plaintext lengths","status":"passed","title":"should handle different plaintext lengths","duration":0.5178750000000036,"failureMessages":[],"meta":{}},{"ancestorTitles":["Encryption Module","decryptKey"],"fullName":"Encryption Module decryptKey should throw error for invalid encrypted data format","status":"passed","title":"should throw error for invalid encrypted data format","duration":0.8880410000001575,"failureMessages":[],"meta":{}},{"ancestorTitles":["Encryption Module","decryptKey"],"fullName":"Encryption Module decryptKey should throw error for invalid IV","status":"passed","title":"should throw error for invalid IV","duration":0.20729099999994105,"failureMessages":[],"meta":{}},{"ancestorTitles":["Encryption Module","decryptKey"],"fullName":"Encryption Module decryptKey should throw error for wrong auth tag","status":"passed","title":"should throw error for wrong auth tag","duration":0.20199999999999818,"failureMessages":[],"meta":{}},{"ancestorTitles":["Encryption Module","maskKey"],"fullName":"Encryption Module maskKey should mask keys longer than 8 characters showing first 4 and last 4","status":"passed","title":"should mask keys longer than 8 characters showing first 4 and last 4","duration":0.13254200000005767,"failureMessages":[],"meta":{}},{"ancestorTitles":["Encryption Module","maskKey"],"fullName":"Encryption Module maskKey should mask exactly 9 characters showing first 4 and last 4","status":"passed","title":"should mask exactly 9 characters showing first 4 and last 4","duration":0.10208299999999326,"failureMessages":[],"meta":{}},{"ancestorTitles":["Encryption Module","maskKey"],"fullName":"Encryption Module maskKey should mask keys with exactly 8 characters completely","status":"passed","title":"should mask keys with exactly 8 characters completely","duration":0.10924999999997453,"failureMessages":[],"meta":{}},{"ancestorTitles":["Encryption Module","maskKey"],"fullName":"Encryption Module maskKey should mask short keys (≤8 chars) completely","status":"passed","title":"should mask short keys (≤8 chars) completely","duration":0.17508300000008603,"failureMessages":[],"meta":{}},{"ancestorTitles":["Encryption Module","maskKey"],"fullName":"Encryption Module maskKey should handle empty string","status":"passed","title":"should handle empty string","duration":0.14341699999999946,"failureMessages":[],"meta":{}},{"ancestorTitles":["Encryption Module","maskKey"],"fullName":"Encryption Module maskKey should handle single character","status":"passed","title":"should handle single character","duration":0.5266669999998612,"failureMessages":[],"meta":{}},{"ancestorTitles":["Encryption Module","maskKey"],"fullName":"Encryption Module maskKey should handle very long keys","status":"passed","title":"should handle very long keys","duration":0.1410000000000764,"failureMessages":[],"meta":{}},{"ancestorTitles":["Encryption Module","maskKey"],"fullName":"Encryption Module maskKey should handle keys with special characters","status":"passed","title":"should handle keys with special characters","duration":0.09845800000016425,"failureMessages":[],"meta":{}},{"ancestorTitles":["Encryption Module","maskKey"],"fullName":"Encryption Module maskKey should handle numeric strings","status":"passed","title":"should handle numeric strings","duration":0.09404199999994489,"failureMessages":[],"meta":{}},{"ancestorTitles":["Encryption Module","maskKey"],"fullName":"Encryption Module maskKey should handle keys with mixed case","status":"passed","title":"should handle keys with mixed case","duration":0.08979199999998855,"failureMessages":[],"meta":{}},{"ancestorTitles":["Encryption Module","maskKey"],"fullName":"Encryption Module maskKey should handle whitespace in keys","status":"passed","title":"should handle whitespace in keys","duration":0.08970800000020063,"failureMessages":[],"meta":{}},{"ancestorTitles":["Encryption Module","Round-trip encryption/decryption"],"fullName":"Encryption Module Round-trip encryption/decryption should encrypt and then decrypt to original plaintext","status":"passed","title":"should encrypt and then decrypt to original plaintext","duration":0.2625000000000455,"failureMessages":[],"meta":{}},{"ancestorTitles":["Encryption Module","Round-trip encryption/decryption"],"fullName":"Encryption Module Round-trip encryption/decryption should handle unicode characters in round-trip","status":"passed","title":"should handle unicode characters in round-trip","duration":0.21354100000007747,"failureMessages":[],"meta":{}},{"ancestorTitles":["Encryption Module","Round-trip encryption/decryption"],"fullName":"Encryption Module Round-trip encryption/decryption should handle various content types","status":"passed","title":"should handle various content types","duration":0.5959589999999935,"failureMessages":[],"meta":{}},{"ancestorTitles":["Encryption Module","Round-trip encryption/decryption"],"fullName":"Encryption Module Round-trip encryption/decryption should produce different encrypted output for same input","status":"passed","title":"should produce different encrypted output for same input","duration":0.2195409999999356,"failureMessages":[],"meta":{}},{"ancestorTitles":["Encryption Module","Error cases and edge conditions"],"fullName":"Encryption Module Error cases and edge conditions should handle invalid IV format during decryption","status":"passed","title":"should handle invalid IV format during decryption","duration":0.17229199999997036,"failureMessages":[],"meta":{}},{"ancestorTitles":["Encryption Module","Error cases and edge conditions"],"fullName":"Encryption Module Error cases and edge conditions should handle invalid IV length during decryption","status":"passed","title":"should handle invalid IV length during decryption","duration":0.18679100000008475,"failureMessages":[],"meta":{}},{"ancestorTitles":["Encryption Module","Error cases and edge conditions"],"fullName":"Encryption Module Error cases and edge conditions should handle tampered encrypted data","status":"passed","title":"should handle tampered encrypted data","duration":0.5101250000000164,"failureMessages":[],"meta":{}},{"ancestorTitles":["Encryption Module","Error cases and edge conditions"],"fullName":"Encryption Module Error cases and edge conditions should handle missing colon in encrypted data","status":"passed","title":"should handle missing colon in encrypted data","duration":0.22366600000009385,"failureMessages":[],"meta":{}},{"ancestorTitles":["Encryption Module","Error cases and edge conditions"],"fullName":"Encryption Module Error cases and edge conditions should handle wrong auth tag length","status":"passed","title":"should handle wrong auth tag length","duration":0.332915999999841,"failureMessages":[],"meta":{}},{"ancestorTitles":["Encryption Module","Security properties"],"fullName":"Encryption Module Security properties should use different IVs for identical plaintexts","status":"passed","title":"should use different IVs for identical plaintexts","duration":0.2668340000000171,"failureMessages":[],"meta":{}},{"ancestorTitles":["Encryption Module","Security properties"],"fullName":"Encryption Module Security properties should maintain data integrity","status":"passed","title":"should maintain data integrity","duration":0.14850000000001273,"failureMessages":[],"meta":{}},{"ancestorTitles":["Encryption Module","Security properties"],"fullName":"Encryption Module Security properties should detect tampering with auth tag","status":"passed","title":"should detect tampering with auth tag","duration":0.19487500000013824,"failureMessages":[],"meta":{}}],"startTime":1755696108016,"endTime":1755696108029.2668,"status":"passed","message":"","name":"/Users/neo/Developer/experiments/HGG/robo-chat/tests/unit/encryption.test.ts"},{"assertionResults":[{"ancestorTitles":["ModelProvider","When the ModelProvider initializes"],"fullName":"ModelProvider When the ModelProvider initializes should provide default values while loading","status":"failed","title":"should provide default values while loading","duration":16.86420800000019,"failureMessages":["ReferenceError: React is not defined\n    at ModelProvider (/Users/neo/Developer/experiments/HGG/robo-chat/lib/model-store/provider.tsx:182:3)\n    at Object.react_stack_bottom_frame (/Users/neo/Developer/experiments/HGG/robo-chat/node_modules/react-dom/cjs/react-dom-client.development.js:23863:20)\n    at renderWithHooks (/Users/neo/Developer/experiments/HGG/robo-chat/node_modules/react-dom/cjs/react-dom-client.development.js:5529:22)\n    at updateFunctionComponent (/Users/neo/Developer/experiments/HGG/robo-chat/node_modules/react-dom/cjs/react-dom-client.development.js:8897:19)\n    at beginWork (/Users/neo/Developer/experiments/HGG/robo-chat/node_modules/react-dom/cjs/react-dom-client.development.js:10522:18)\n    at runWithFiberInDEV (/Users/neo/Developer/experiments/HGG/robo-chat/node_modules/react-dom/cjs/react-dom-client.development.js:1522:13)\n    at performUnitOfWork (/Users/neo/Developer/experiments/HGG/robo-chat/node_modules/react-dom/cjs/react-dom-client.development.js:15140:22)\n    at workLoopSync (/Users/neo/Developer/experiments/HGG/robo-chat/node_modules/react-dom/cjs/react-dom-client.development.js:14956:41)\n    at renderRootSync (/Users/neo/Developer/experiments/HGG/robo-chat/node_modules/react-dom/cjs/react-dom-client.development.js:14936:11)\n    at performWorkOnRoot (/Users/neo/Developer/experiments/HGG/robo-chat/node_modules/react-dom/cjs/react-dom-client.development.js:14462:44)"],"meta":{}},{"ancestorTitles":["ModelProvider","When the ModelProvider initializes"],"fullName":"ModelProvider When the ModelProvider initializes should throw error when useModel is used outside provider","status":"passed","title":"should throw error when useModel is used outside provider","duration":1.8367080000000442,"failureMessages":[],"meta":{}},{"ancestorTitles":["ModelProvider","When data is successfully fetched"],"fullName":"ModelProvider When data is successfully fetched should load and provide all model-related data","status":"failed","title":"should load and provide all model-related data","duration":1.4141250000000127,"failureMessages":["ReferenceError: React is not defined\n    at ModelProvider (/Users/neo/Developer/experiments/HGG/robo-chat/lib/model-store/provider.tsx:182:3)\n    at Object.react_stack_bottom_frame (/Users/neo/Developer/experiments/HGG/robo-chat/node_modules/react-dom/cjs/react-dom-client.development.js:23863:20)\n    at renderWithHooks (/Users/neo/Developer/experiments/HGG/robo-chat/node_modules/react-dom/cjs/react-dom-client.development.js:5529:22)\n    at updateFunctionComponent (/Users/neo/Developer/experiments/HGG/robo-chat/node_modules/react-dom/cjs/react-dom-client.development.js:8897:19)\n    at beginWork (/Users/neo/Developer/experiments/HGG/robo-chat/node_modules/react-dom/cjs/react-dom-client.development.js:10522:18)\n    at runWithFiberInDEV (/Users/neo/Developer/experiments/HGG/robo-chat/node_modules/react-dom/cjs/react-dom-client.development.js:1522:13)\n    at performUnitOfWork (/Users/neo/Developer/experiments/HGG/robo-chat/node_modules/react-dom/cjs/react-dom-client.development.js:15140:22)\n    at workLoopSync (/Users/neo/Developer/experiments/HGG/robo-chat/node_modules/react-dom/cjs/react-dom-client.development.js:14956:41)\n    at renderRootSync (/Users/neo/Developer/experiments/HGG/robo-chat/node_modules/react-dom/cjs/react-dom-client.development.js:14936:11)\n    at performWorkOnRoot (/Users/neo/Developer/experiments/HGG/robo-chat/node_modules/react-dom/cjs/react-dom-client.development.js:14462:44)"],"meta":{}},{"ancestorTitles":["ModelProvider","When data is successfully fetched"],"fullName":"ModelProvider When data is successfully fetched should make correct API calls with proper parameters","status":"failed","title":"should make correct API calls with proper parameters","duration":1.6384170000001177,"failureMessages":["ReferenceError: React is not defined\n    at ModelProvider (/Users/neo/Developer/experiments/HGG/robo-chat/lib/model-store/provider.tsx:182:3)\n    at Object.react_stack_bottom_frame (/Users/neo/Developer/experiments/HGG/robo-chat/node_modules/react-dom/cjs/react-dom-client.development.js:23863:20)\n    at renderWithHooks (/Users/neo/Developer/experiments/HGG/robo-chat/node_modules/react-dom/cjs/react-dom-client.development.js:5529:22)\n    at updateFunctionComponent (/Users/neo/Developer/experiments/HGG/robo-chat/node_modules/react-dom/cjs/react-dom-client.development.js:8897:19)\n    at beginWork (/Users/neo/Developer/experiments/HGG/robo-chat/node_modules/react-dom/cjs/react-dom-client.development.js:10522:18)\n    at runWithFiberInDEV (/Users/neo/Developer/experiments/HGG/robo-chat/node_modules/react-dom/cjs/react-dom-client.development.js:1522:13)\n    at performUnitOfWork (/Users/neo/Developer/experiments/HGG/robo-chat/node_modules/react-dom/cjs/react-dom-client.development.js:15140:22)\n    at workLoopSync (/Users/neo/Developer/experiments/HGG/robo-chat/node_modules/react-dom/cjs/react-dom-client.development.js:14956:41)\n    at renderRootSync (/Users/neo/Developer/experiments/HGG/robo-chat/node_modules/react-dom/cjs/react-dom-client.development.js:14936:11)\n    at performWorkOnRoot (/Users/neo/Developer/experiments/HGG/robo-chat/node_modules/react-dom/cjs/react-dom-client.development.js:14462:44)"],"meta":{}},{"ancestorTitles":["ModelProvider","When API calls fail"],"fullName":"ModelProvider When API calls fail should gracefully handle failed requests and provide fallback values","status":"failed","title":"should gracefully handle failed requests and provide fallback values","duration":1.4053750000000491,"failureMessages":["ReferenceError: React is not defined\n    at ModelProvider (/Users/neo/Developer/experiments/HGG/robo-chat/lib/model-store/provider.tsx:182:3)\n    at Object.react_stack_bottom_frame (/Users/neo/Developer/experiments/HGG/robo-chat/node_modules/react-dom/cjs/react-dom-client.development.js:23863:20)\n    at renderWithHooks (/Users/neo/Developer/experiments/HGG/robo-chat/node_modules/react-dom/cjs/react-dom-client.development.js:5529:22)\n    at updateFunctionComponent (/Users/neo/Developer/experiments/HGG/robo-chat/node_modules/react-dom/cjs/react-dom-client.development.js:8897:19)\n    at beginWork (/Users/neo/Developer/experiments/HGG/robo-chat/node_modules/react-dom/cjs/react-dom-client.development.js:10522:18)\n    at runWithFiberInDEV (/Users/neo/Developer/experiments/HGG/robo-chat/node_modules/react-dom/cjs/react-dom-client.development.js:1522:13)\n    at performUnitOfWork (/Users/neo/Developer/experiments/HGG/robo-chat/node_modules/react-dom/cjs/react-dom-client.development.js:15140:22)\n    at workLoopSync (/Users/neo/Developer/experiments/HGG/robo-chat/node_modules/react-dom/cjs/react-dom-client.development.js:14956:41)\n    at renderRootSync (/Users/neo/Developer/experiments/HGG/robo-chat/node_modules/react-dom/cjs/react-dom-client.development.js:14936:11)\n    at performWorkOnRoot (/Users/neo/Developer/experiments/HGG/robo-chat/node_modules/react-dom/cjs/react-dom-client.development.js:14462:44)"],"meta":{}},{"ancestorTitles":["ModelProvider","When refresh functions are called"],"fullName":"ModelProvider When refresh functions are called should refresh models data","status":"failed","title":"should refresh models data","duration":1.369416000000001,"failureMessages":["ReferenceError: React is not defined\n    at ModelProvider (/Users/neo/Developer/experiments/HGG/robo-chat/lib/model-store/provider.tsx:182:3)\n    at Object.react_stack_bottom_frame (/Users/neo/Developer/experiments/HGG/robo-chat/node_modules/react-dom/cjs/react-dom-client.development.js:23863:20)\n    at renderWithHooks (/Users/neo/Developer/experiments/HGG/robo-chat/node_modules/react-dom/cjs/react-dom-client.development.js:5529:22)\n    at updateFunctionComponent (/Users/neo/Developer/experiments/HGG/robo-chat/node_modules/react-dom/cjs/react-dom-client.development.js:8897:19)\n    at beginWork (/Users/neo/Developer/experiments/HGG/robo-chat/node_modules/react-dom/cjs/react-dom-client.development.js:10522:18)\n    at runWithFiberInDEV (/Users/neo/Developer/experiments/HGG/robo-chat/node_modules/react-dom/cjs/react-dom-client.development.js:1522:13)\n    at performUnitOfWork (/Users/neo/Developer/experiments/HGG/robo-chat/node_modules/react-dom/cjs/react-dom-client.development.js:15140:22)\n    at workLoopSync (/Users/neo/Developer/experiments/HGG/robo-chat/node_modules/react-dom/cjs/react-dom-client.development.js:14956:41)\n    at renderRootSync (/Users/neo/Developer/experiments/HGG/robo-chat/node_modules/react-dom/cjs/react-dom-client.development.js:14936:11)\n    at performWorkOnRoot (/Users/neo/Developer/experiments/HGG/robo-chat/node_modules/react-dom/cjs/react-dom-client.development.js:14462:44)"],"meta":{}},{"ancestorTitles":["ModelProvider","When refresh functions are called"],"fullName":"ModelProvider When refresh functions are called should refresh user key status","status":"failed","title":"should refresh user key status","duration":1.061292000000094,"failureMessages":["ReferenceError: React is not defined\n    at ModelProvider (/Users/neo/Developer/experiments/HGG/robo-chat/lib/model-store/provider.tsx:182:3)\n    at Object.react_stack_bottom_frame (/Users/neo/Developer/experiments/HGG/robo-chat/node_modules/react-dom/cjs/react-dom-client.development.js:23863:20)\n    at renderWithHooks (/Users/neo/Developer/experiments/HGG/robo-chat/node_modules/react-dom/cjs/react-dom-client.development.js:5529:22)\n    at updateFunctionComponent (/Users/neo/Developer/experiments/HGG/robo-chat/node_modules/react-dom/cjs/react-dom-client.development.js:8897:19)\n    at beginWork (/Users/neo/Developer/experiments/HGG/robo-chat/node_modules/react-dom/cjs/react-dom-client.development.js:10522:18)\n    at runWithFiberInDEV (/Users/neo/Developer/experiments/HGG/robo-chat/node_modules/react-dom/cjs/react-dom-client.development.js:1522:13)\n    at performUnitOfWork (/Users/neo/Developer/experiments/HGG/robo-chat/node_modules/react-dom/cjs/react-dom-client.development.js:15140:22)\n    at workLoopSync (/Users/neo/Developer/experiments/HGG/robo-chat/node_modules/react-dom/cjs/react-dom-client.development.js:14956:41)\n    at renderRootSync (/Users/neo/Developer/experiments/HGG/robo-chat/node_modules/react-dom/cjs/react-dom-client.development.js:14936:11)\n    at performWorkOnRoot (/Users/neo/Developer/experiments/HGG/robo-chat/node_modules/react-dom/cjs/react-dom-client.development.js:14462:44)"],"meta":{}},{"ancestorTitles":["ModelProvider","When refresh functions are called"],"fullName":"ModelProvider When refresh functions are called should refresh favorite models","status":"failed","title":"should refresh favorite models","duration":1.0651249999998527,"failureMessages":["ReferenceError: React is not defined\n    at ModelProvider (/Users/neo/Developer/experiments/HGG/robo-chat/lib/model-store/provider.tsx:182:3)\n    at Object.react_stack_bottom_frame (/Users/neo/Developer/experiments/HGG/robo-chat/node_modules/react-dom/cjs/react-dom-client.development.js:23863:20)\n    at renderWithHooks (/Users/neo/Developer/experiments/HGG/robo-chat/node_modules/react-dom/cjs/react-dom-client.development.js:5529:22)\n    at updateFunctionComponent (/Users/neo/Developer/experiments/HGG/robo-chat/node_modules/react-dom/cjs/react-dom-client.development.js:8897:19)\n    at beginWork (/Users/neo/Developer/experiments/HGG/robo-chat/node_modules/react-dom/cjs/react-dom-client.development.js:10522:18)\n    at runWithFiberInDEV (/Users/neo/Developer/experiments/HGG/robo-chat/node_modules/react-dom/cjs/react-dom-client.development.js:1522:13)\n    at performUnitOfWork (/Users/neo/Developer/experiments/HGG/robo-chat/node_modules/react-dom/cjs/react-dom-client.development.js:15140:22)\n    at workLoopSync (/Users/neo/Developer/experiments/HGG/robo-chat/node_modules/react-dom/cjs/react-dom-client.development.js:14956:41)\n    at renderRootSync (/Users/neo/Developer/experiments/HGG/robo-chat/node_modules/react-dom/cjs/react-dom-client.development.js:14936:11)\n    at performWorkOnRoot (/Users/neo/Developer/experiments/HGG/robo-chat/node_modules/react-dom/cjs/react-dom-client.development.js:14462:44)"],"meta":{}},{"ancestorTitles":["ModelProvider","When refresh functions are called"],"fullName":"ModelProvider When refresh functions are called should refresh user config","status":"failed","title":"should refresh user config","duration":1.3525410000002012,"failureMessages":["ReferenceError: React is not defined\n    at ModelProvider (/Users/neo/Developer/experiments/HGG/robo-chat/lib/model-store/provider.tsx:182:3)\n    at Object.react_stack_bottom_frame (/Users/neo/Developer/experiments/HGG/robo-chat/node_modules/react-dom/cjs/react-dom-client.development.js:23863:20)\n    at renderWithHooks (/Users/neo/Developer/experiments/HGG/robo-chat/node_modules/react-dom/cjs/react-dom-client.development.js:5529:22)\n    at updateFunctionComponent (/Users/neo/Developer/experiments/HGG/robo-chat/node_modules/react-dom/cjs/react-dom-client.development.js:8897:19)\n    at beginWork (/Users/neo/Developer/experiments/HGG/robo-chat/node_modules/react-dom/cjs/react-dom-client.development.js:10522:18)\n    at runWithFiberInDEV (/Users/neo/Developer/experiments/HGG/robo-chat/node_modules/react-dom/cjs/react-dom-client.development.js:1522:13)\n    at performUnitOfWork (/Users/neo/Developer/experiments/HGG/robo-chat/node_modules/react-dom/cjs/react-dom-client.development.js:15140:22)\n    at workLoopSync (/Users/neo/Developer/experiments/HGG/robo-chat/node_modules/react-dom/cjs/react-dom-client.development.js:14956:41)\n    at renderRootSync (/Users/neo/Developer/experiments/HGG/robo-chat/node_modules/react-dom/cjs/react-dom-client.development.js:14936:11)\n    at performWorkOnRoot (/Users/neo/Developer/experiments/HGG/robo-chat/node_modules/react-dom/cjs/react-dom-client.development.js:14462:44)"],"meta":{}},{"ancestorTitles":["ModelProvider","When refresh functions are called"],"fullName":"ModelProvider When refresh functions are called should refresh all data when refreshAll is called","status":"failed","title":"should refresh all data when refreshAll is called","duration":1.165707999999995,"failureMessages":["ReferenceError: React is not defined\n    at ModelProvider (/Users/neo/Developer/experiments/HGG/robo-chat/lib/model-store/provider.tsx:182:3)\n    at Object.react_stack_bottom_frame (/Users/neo/Developer/experiments/HGG/robo-chat/node_modules/react-dom/cjs/react-dom-client.development.js:23863:20)\n    at renderWithHooks (/Users/neo/Developer/experiments/HGG/robo-chat/node_modules/react-dom/cjs/react-dom-client.development.js:5529:22)\n    at updateFunctionComponent (/Users/neo/Developer/experiments/HGG/robo-chat/node_modules/react-dom/cjs/react-dom-client.development.js:8897:19)\n    at beginWork (/Users/neo/Developer/experiments/HGG/robo-chat/node_modules/react-dom/cjs/react-dom-client.development.js:10522:18)\n    at runWithFiberInDEV (/Users/neo/Developer/experiments/HGG/robo-chat/node_modules/react-dom/cjs/react-dom-client.development.js:1522:13)\n    at performUnitOfWork (/Users/neo/Developer/experiments/HGG/robo-chat/node_modules/react-dom/cjs/react-dom-client.development.js:15140:22)\n    at workLoopSync (/Users/neo/Developer/experiments/HGG/robo-chat/node_modules/react-dom/cjs/react-dom-client.development.js:14956:41)\n    at renderRootSync (/Users/neo/Developer/experiments/HGG/robo-chat/node_modules/react-dom/cjs/react-dom-client.development.js:14936:11)\n    at performWorkOnRoot (/Users/neo/Developer/experiments/HGG/robo-chat/node_modules/react-dom/cjs/react-dom-client.development.js:14462:44)"],"meta":{}},{"ancestorTitles":["ModelProvider","When refresh functions are called"],"fullName":"ModelProvider When refresh functions are called should handle refreshFavoriteModelsSilent errors gracefully","status":"failed","title":"should handle refreshFavoriteModelsSilent errors gracefully","duration":1.1447920000000522,"failureMessages":["ReferenceError: React is not defined\n    at ModelProvider (/Users/neo/Developer/experiments/HGG/robo-chat/lib/model-store/provider.tsx:182:3)\n    at Object.react_stack_bottom_frame (/Users/neo/Developer/experiments/HGG/robo-chat/node_modules/react-dom/cjs/react-dom-client.development.js:23863:20)\n    at renderWithHooks (/Users/neo/Developer/experiments/HGG/robo-chat/node_modules/react-dom/cjs/react-dom-client.development.js:5529:22)\n    at updateFunctionComponent (/Users/neo/Developer/experiments/HGG/robo-chat/node_modules/react-dom/cjs/react-dom-client.development.js:8897:19)\n    at beginWork (/Users/neo/Developer/experiments/HGG/robo-chat/node_modules/react-dom/cjs/react-dom-client.development.js:10522:18)\n    at runWithFiberInDEV (/Users/neo/Developer/experiments/HGG/robo-chat/node_modules/react-dom/cjs/react-dom-client.development.js:1522:13)\n    at performUnitOfWork (/Users/neo/Developer/experiments/HGG/robo-chat/node_modules/react-dom/cjs/react-dom-client.development.js:15140:22)\n    at workLoopSync (/Users/neo/Developer/experiments/HGG/robo-chat/node_modules/react-dom/cjs/react-dom-client.development.js:14956:41)\n    at renderRootSync (/Users/neo/Developer/experiments/HGG/robo-chat/node_modules/react-dom/cjs/react-dom-client.development.js:14936:11)\n    at performWorkOnRoot (/Users/neo/Developer/experiments/HGG/robo-chat/node_modules/react-dom/cjs/react-dom-client.development.js:14462:44)"],"meta":{}},{"ancestorTitles":["ModelProvider","Caching behavior"],"fullName":"ModelProvider Caching behavior should use proper cache settings for all queries","status":"failed","title":"should use proper cache settings for all queries","duration":1.0184999999999036,"failureMessages":["ReferenceError: React is not defined\n    at ModelProvider (/Users/neo/Developer/experiments/HGG/robo-chat/lib/model-store/provider.tsx:182:3)\n    at Object.react_stack_bottom_frame (/Users/neo/Developer/experiments/HGG/robo-chat/node_modules/react-dom/cjs/react-dom-client.development.js:23863:20)\n    at renderWithHooks (/Users/neo/Developer/experiments/HGG/robo-chat/node_modules/react-dom/cjs/react-dom-client.development.js:5529:22)\n    at updateFunctionComponent (/Users/neo/Developer/experiments/HGG/robo-chat/node_modules/react-dom/cjs/react-dom-client.development.js:8897:19)\n    at beginWork (/Users/neo/Developer/experiments/HGG/robo-chat/node_modules/react-dom/cjs/react-dom-client.development.js:10522:18)\n    at runWithFiberInDEV (/Users/neo/Developer/experiments/HGG/robo-chat/node_modules/react-dom/cjs/react-dom-client.development.js:1522:13)\n    at performUnitOfWork (/Users/neo/Developer/experiments/HGG/robo-chat/node_modules/react-dom/cjs/react-dom-client.development.js:15140:22)\n    at workLoopSync (/Users/neo/Developer/experiments/HGG/robo-chat/node_modules/react-dom/cjs/react-dom-client.development.js:14956:41)\n    at renderRootSync (/Users/neo/Developer/experiments/HGG/robo-chat/node_modules/react-dom/cjs/react-dom-client.development.js:14936:11)\n    at performWorkOnRoot (/Users/neo/Developer/experiments/HGG/robo-chat/node_modules/react-dom/cjs/react-dom-client.development.js:14462:44)"],"meta":{}},{"ancestorTitles":["ModelProvider","Caching behavior"],"fullName":"ModelProvider Caching behavior should not refetch data when window regains focus","status":"failed","title":"should not refetch data when window regains focus","duration":1.0021249999999782,"failureMessages":["ReferenceError: React is not defined\n    at ModelProvider (/Users/neo/Developer/experiments/HGG/robo-chat/lib/model-store/provider.tsx:182:3)\n    at Object.react_stack_bottom_frame (/Users/neo/Developer/experiments/HGG/robo-chat/node_modules/react-dom/cjs/react-dom-client.development.js:23863:20)\n    at renderWithHooks (/Users/neo/Developer/experiments/HGG/robo-chat/node_modules/react-dom/cjs/react-dom-client.development.js:5529:22)\n    at updateFunctionComponent (/Users/neo/Developer/experiments/HGG/robo-chat/node_modules/react-dom/cjs/react-dom-client.development.js:8897:19)\n    at beginWork (/Users/neo/Developer/experiments/HGG/robo-chat/node_modules/react-dom/cjs/react-dom-client.development.js:10522:18)\n    at runWithFiberInDEV (/Users/neo/Developer/experiments/HGG/robo-chat/node_modules/react-dom/cjs/react-dom-client.development.js:1522:13)\n    at performUnitOfWork (/Users/neo/Developer/experiments/HGG/robo-chat/node_modules/react-dom/cjs/react-dom-client.development.js:15140:22)\n    at workLoopSync (/Users/neo/Developer/experiments/HGG/robo-chat/node_modules/react-dom/cjs/react-dom-client.development.js:14956:41)\n    at renderRootSync (/Users/neo/Developer/experiments/HGG/robo-chat/node_modules/react-dom/cjs/react-dom-client.development.js:14936:11)\n    at performWorkOnRoot (/Users/neo/Developer/experiments/HGG/robo-chat/node_modules/react-dom/cjs/react-dom-client.development.js:14462:44)"],"meta":{}}],"startTime":1755696108550,"endTime":1755696108583.0022,"status":"failed","message":"","name":"/Users/neo/Developer/experiments/HGG/robo-chat/tests/unit/model-provider.test.tsx"},{"assertionResults":[{"ancestorTitles":["MultiChatInput controlled behavior"],"fullName":"MultiChatInput controlled behavior updates value as user types","status":"failed","title":"updates value as user types","duration":27.22070900000017,"failureMessages":["Error: useModel must be used within a ModelProvider\n    at Module.useModel (/Users/neo/Developer/experiments/HGG/robo-chat/lib/model-store/provider.tsx:207:11)\n    at MultiModelSelector (/Users/neo/Developer/experiments/HGG/robo-chat/components/common/multi-model-selector/base.tsx:60:66)\n    at Object.react_stack_bottom_frame (/Users/neo/Developer/experiments/HGG/robo-chat/node_modules/react-dom/cjs/react-dom-client.development.js:23863:20)\n    at renderWithHooks (/Users/neo/Developer/experiments/HGG/robo-chat/node_modules/react-dom/cjs/react-dom-client.development.js:5529:22)\n    at updateFunctionComponent (/Users/neo/Developer/experiments/HGG/robo-chat/node_modules/react-dom/cjs/react-dom-client.development.js:8897:19)\n    at beginWork (/Users/neo/Developer/experiments/HGG/robo-chat/node_modules/react-dom/cjs/react-dom-client.development.js:10522:18)\n    at runWithFiberInDEV (/Users/neo/Developer/experiments/HGG/robo-chat/node_modules/react-dom/cjs/react-dom-client.development.js:1522:13)\n    at performUnitOfWork (/Users/neo/Developer/experiments/HGG/robo-chat/node_modules/react-dom/cjs/react-dom-client.development.js:15140:22)\n    at workLoopSync (/Users/neo/Developer/experiments/HGG/robo-chat/node_modules/react-dom/cjs/react-dom-client.development.js:14956:41)\n    at renderRootSync (/Users/neo/Developer/experiments/HGG/robo-chat/node_modules/react-dom/cjs/react-dom-client.development.js:14936:11)"],"meta":{}}],"startTime":1755696110896,"endTime":1755696110923.2207,"status":"failed","message":"","name":"/Users/neo/Developer/experiments/HGG/robo-chat/tests/unit/multichat-input.test.tsx"},{"assertionResults":[{"ancestorTitles":["PromptInput controlled behavior"],"fullName":"PromptInput controlled behavior updates value as user types and calls onValueChange","status":"passed","title":"updates value as user types and calls onValueChange","duration":45.70066700000007,"failureMessages":[],"meta":{}}],"startTime":1755696111582,"endTime":1755696111627.7007,"status":"passed","message":"","name":"/Users/neo/Developer/experiments/HGG/robo-chat/tests/unit/prompt-input.test.tsx"},{"assertionResults":[{"ancestorTitles":["Simple Test"],"fullName":"Simple Test should pass a basic test","status":"passed","title":"should pass a basic test","duration":0.6271249999999782,"failureMessages":[],"meta":{}},{"ancestorTitles":["Simple Test"],"fullName":"Simple Test should handle strings","status":"passed","title":"should handle strings","duration":0.09941600000001927,"failureMessages":[],"meta":{}},{"ancestorTitles":["Simple Test"],"fullName":"Simple Test should handle arrays","status":"passed","title":"should handle arrays","duration":0.43149999999968713,"failureMessages":[],"meta":{}}],"startTime":1755696111979,"endTime":1755696111980.4314,"status":"passed","message":"","name":"/Users/neo/Developer/experiments/HGG/robo-chat/tests/unit/simple.test.ts"},{"assertionResults":[{"ancestorTitles":["UI Store","Dialog State Management"],"fullName":"UI Store Dialog State Management should open and close dialogs correctly","status":"passed","title":"should open and close dialogs correctly","duration":9.015540999999985,"failureMessages":[],"meta":{}},{"ancestorTitles":["UI Store","Dialog State Management"],"fullName":"UI Store Dialog State Management should close all dialogs at once","status":"passed","title":"should close all dialogs at once","duration":1.9845419999999194,"failureMessages":[],"meta":{}},{"ancestorTitles":["UI Store","Dialog State Management"],"fullName":"UI Store Dialog State Management should reset specific dialog state","status":"failed","title":"should reset specific dialog state","duration":7.289541000000099,"failureMessages":["AssertionError: expected 'Test error' to be null // Object.is equality\n    at /Users/neo/Developer/experiments/HGG/robo-chat/tests/unit/ui-store.test.ts:91:50\n    at file:///Users/neo/Developer/experiments/HGG/robo-chat/node_modules/@vitest/runner/dist/index.js:146:14\n    at file:///Users/neo/Developer/experiments/HGG/robo-chat/node_modules/@vitest/runner/dist/index.js:533:11\n    at runWithTimeout (file:///Users/neo/Developer/experiments/HGG/robo-chat/node_modules/@vitest/runner/dist/index.js:39:7)\n    at runTest (file:///Users/neo/Developer/experiments/HGG/robo-chat/node_modules/@vitest/runner/dist/index.js:1056:17)\n    at runSuite (file:///Users/neo/Developer/experiments/HGG/robo-chat/node_modules/@vitest/runner/dist/index.js:1205:15)\n    at runSuite (file:///Users/neo/Developer/experiments/HGG/robo-chat/node_modules/@vitest/runner/dist/index.js:1205:15)\n    at runSuite (file:///Users/neo/Developer/experiments/HGG/robo-chat/node_modules/@vitest/runner/dist/index.js:1205:15)\n    at runFiles (file:///Users/neo/Developer/experiments/HGG/robo-chat/node_modules/@vitest/runner/dist/index.js:1262:5)\n    at startTests (file:///Users/neo/Developer/experiments/HGG/robo-chat/node_modules/@vitest/runner/dist/index.js:1271:3)"],"meta":{}},{"ancestorTitles":["UI Store","Chat UI State Management"],"fullName":"UI Store Chat UI State Management should manage search enablement","status":"passed","title":"should manage search enablement","duration":0.8603330000000824,"failureMessages":[],"meta":{}},{"ancestorTitles":["UI Store","Chat UI State Management"],"fullName":"UI Store Chat UI State Management should manage reasoning effort levels","status":"passed","title":"should manage reasoning effort levels","duration":0.8485829999999623,"failureMessages":[],"meta":{}},{"ancestorTitles":["UI Store","Chat UI State Management"],"fullName":"UI Store Chat UI State Management should manage submission state","status":"passed","title":"should manage submission state","duration":0.9478750000000673,"failureMessages":[],"meta":{}},{"ancestorTitles":["UI Store","Chat UI State Management"],"fullName":"UI Store Chat UI State Management should manage quoted text","status":"passed","title":"should manage quoted text","duration":0.9155839999998534,"failureMessages":[],"meta":{}},{"ancestorTitles":["UI Store","Form State Management"],"fullName":"UI Store Form State Management should set and clear form fields","status":"passed","title":"should set and clear form fields","duration":0.8219590000001062,"failureMessages":[],"meta":{}},{"ancestorTitles":["UI Store","Form State Management"],"fullName":"UI Store Form State Management should handle editing state","status":"passed","title":"should handle editing state","duration":0.5900830000000497,"failureMessages":[],"meta":{}},{"ancestorTitles":["UI Store","Expandable State Management"],"fullName":"UI Store Expandable State Management should set and toggle expandable states","status":"passed","title":"should set and toggle expandable states","duration":0.743874999999889,"failureMessages":[],"meta":{}},{"ancestorTitles":["UI Store","Expandable State Management"],"fullName":"UI Store Expandable State Management should clear expandable states","status":"passed","title":"should clear expandable states","duration":0.8462500000000546,"failureMessages":[],"meta":{}},{"ancestorTitles":["UI Store","Loading State Management"],"fullName":"UI Store Loading State Management should manage loading states for different operations","status":"passed","title":"should manage loading states for different operations","duration":0.7556660000000193,"failureMessages":[],"meta":{}},{"ancestorTitles":["UI Store","Error State Management"],"fullName":"UI Store Error State Management should manage error states for different operations","status":"passed","title":"should manage error states for different operations","duration":0.7268340000000535,"failureMessages":[],"meta":{}},{"ancestorTitles":["UI Store","Selector Hooks"],"fullName":"UI Store Selector Hooks should provide specific dialog state","status":"passed","title":"should provide specific dialog state","duration":1.109375,"failureMessages":[],"meta":{}},{"ancestorTitles":["UI Store","Selector Hooks"],"fullName":"UI Store Selector Hooks should provide expandable state with default false","status":"passed","title":"should provide expandable state with default false","duration":0.45058399999993526,"failureMessages":[],"meta":{}},{"ancestorTitles":["UI Store","Action Hooks"],"fullName":"UI Store Action Hooks should provide dialog actions","status":"failed","title":"should provide dialog actions","duration":6.401125000000093,"failureMessages":["Error: Maximum update depth exceeded. This can happen when a component repeatedly calls setState inside componentWillUpdate or componentDidUpdate. React limits the number of nested updates to prevent infinite loops.\n    at getRootForUpdatedFiber (/Users/neo/Developer/experiments/HGG/robo-chat/node_modules/react-dom/cjs/react-dom-client.development.js:3860:11)\n    at enqueueConcurrentRenderForLane (/Users/neo/Developer/experiments/HGG/robo-chat/node_modules/react-dom/cjs/react-dom-client.development.js:3824:14)\n    at forceStoreRerender (/Users/neo/Developer/experiments/HGG/robo-chat/node_modules/react-dom/cjs/react-dom-client.development.js:6123:18)\n    at updateStoreInstance (/Users/neo/Developer/experiments/HGG/robo-chat/node_modules/react-dom/cjs/react-dom-client.development.js:6105:39)\n    at Object.react_stack_bottom_frame (/Users/neo/Developer/experiments/HGG/robo-chat/node_modules/react-dom/cjs/react-dom-client.development.js:23953:20)\n    at runWithFiberInDEV (/Users/neo/Developer/experiments/HGG/robo-chat/node_modules/react-dom/cjs/react-dom-client.development.js:1522:13)\n    at commitHookEffectListMount (/Users/neo/Developer/experiments/HGG/robo-chat/node_modules/react-dom/cjs/react-dom-client.development.js:11905:29)\n    at commitHookPassiveMountEffects (/Users/neo/Developer/experiments/HGG/robo-chat/node_modules/react-dom/cjs/react-dom-client.development.js:12028:11)\n    at commitPassiveMountOnFiber (/Users/neo/Developer/experiments/HGG/robo-chat/node_modules/react-dom/cjs/react-dom-client.development.js:13841:13)\n    at recursivelyTraversePassiveMountEffects (/Users/neo/Developer/experiments/HGG/robo-chat/node_modules/react-dom/cjs/react-dom-client.development.js:13815:11)"],"meta":{}},{"ancestorTitles":["UI Store","Action Hooks"],"fullName":"UI Store Action Hooks should provide chat UI actions","status":"failed","title":"should provide chat UI actions","duration":2.929458000000068,"failureMessages":["Error: Maximum update depth exceeded. This can happen when a component repeatedly calls setState inside componentWillUpdate or componentDidUpdate. React limits the number of nested updates to prevent infinite loops.\n    at getRootForUpdatedFiber (/Users/neo/Developer/experiments/HGG/robo-chat/node_modules/react-dom/cjs/react-dom-client.development.js:3860:11)\n    at enqueueConcurrentRenderForLane (/Users/neo/Developer/experiments/HGG/robo-chat/node_modules/react-dom/cjs/react-dom-client.development.js:3824:14)\n    at forceStoreRerender (/Users/neo/Developer/experiments/HGG/robo-chat/node_modules/react-dom/cjs/react-dom-client.development.js:6123:18)\n    at updateStoreInstance (/Users/neo/Developer/experiments/HGG/robo-chat/node_modules/react-dom/cjs/react-dom-client.development.js:6105:39)\n    at Object.react_stack_bottom_frame (/Users/neo/Developer/experiments/HGG/robo-chat/node_modules/react-dom/cjs/react-dom-client.development.js:23953:20)\n    at runWithFiberInDEV (/Users/neo/Developer/experiments/HGG/robo-chat/node_modules/react-dom/cjs/react-dom-client.development.js:1522:13)\n    at commitHookEffectListMount (/Users/neo/Developer/experiments/HGG/robo-chat/node_modules/react-dom/cjs/react-dom-client.development.js:11905:29)\n    at commitHookPassiveMountEffects (/Users/neo/Developer/experiments/HGG/robo-chat/node_modules/react-dom/cjs/react-dom-client.development.js:12028:11)\n    at commitPassiveMountOnFiber (/Users/neo/Developer/experiments/HGG/robo-chat/node_modules/react-dom/cjs/react-dom-client.development.js:13841:13)\n    at recursivelyTraversePassiveMountEffects (/Users/neo/Developer/experiments/HGG/robo-chat/node_modules/react-dom/cjs/react-dom-client.development.js:13815:11)"],"meta":{}},{"ancestorTitles":["UI Store","Utility Hooks"],"fullName":"UI Store Utility Hooks should provide dialog toggle functionality","status":"failed","title":"should provide dialog toggle functionality","duration":2.6611250000000837,"failureMessages":["Error: Maximum update depth exceeded. This can happen when a component repeatedly calls setState inside componentWillUpdate or componentDidUpdate. React limits the number of nested updates to prevent infinite loops.\n    at getRootForUpdatedFiber (/Users/neo/Developer/experiments/HGG/robo-chat/node_modules/react-dom/cjs/react-dom-client.development.js:3860:11)\n    at enqueueConcurrentRenderForLane (/Users/neo/Developer/experiments/HGG/robo-chat/node_modules/react-dom/cjs/react-dom-client.development.js:3824:14)\n    at forceStoreRerender (/Users/neo/Developer/experiments/HGG/robo-chat/node_modules/react-dom/cjs/react-dom-client.development.js:6123:18)\n    at updateStoreInstance (/Users/neo/Developer/experiments/HGG/robo-chat/node_modules/react-dom/cjs/react-dom-client.development.js:6105:39)\n    at Object.react_stack_bottom_frame (/Users/neo/Developer/experiments/HGG/robo-chat/node_modules/react-dom/cjs/react-dom-client.development.js:23953:20)\n    at runWithFiberInDEV (/Users/neo/Developer/experiments/HGG/robo-chat/node_modules/react-dom/cjs/react-dom-client.development.js:1522:13)\n    at commitHookEffectListMount (/Users/neo/Developer/experiments/HGG/robo-chat/node_modules/react-dom/cjs/react-dom-client.development.js:11905:29)\n    at commitHookPassiveMountEffects (/Users/neo/Developer/experiments/HGG/robo-chat/node_modules/react-dom/cjs/react-dom-client.development.js:12028:11)\n    at commitPassiveMountOnFiber (/Users/neo/Developer/experiments/HGG/robo-chat/node_modules/react-dom/cjs/react-dom-client.development.js:13841:13)\n    at recursivelyTraversePassiveMountEffects (/Users/neo/Developer/experiments/HGG/robo-chat/node_modules/react-dom/cjs/react-dom-client.development.js:13815:11)"],"meta":{}},{"ancestorTitles":["UI Store","Utility Hooks"],"fullName":"UI Store Utility Hooks should provide optimistic state management","status":"failed","title":"should provide optimistic state management","duration":2.6964580000001206,"failureMessages":["Error: Maximum update depth exceeded. This can happen when a component repeatedly calls setState inside componentWillUpdate or componentDidUpdate. React limits the number of nested updates to prevent infinite loops.\n    at getRootForUpdatedFiber (/Users/neo/Developer/experiments/HGG/robo-chat/node_modules/react-dom/cjs/react-dom-client.development.js:3860:11)\n    at enqueueConcurrentRenderForLane (/Users/neo/Developer/experiments/HGG/robo-chat/node_modules/react-dom/cjs/react-dom-client.development.js:3824:14)\n    at forceStoreRerender (/Users/neo/Developer/experiments/HGG/robo-chat/node_modules/react-dom/cjs/react-dom-client.development.js:6123:18)\n    at updateStoreInstance (/Users/neo/Developer/experiments/HGG/robo-chat/node_modules/react-dom/cjs/react-dom-client.development.js:6105:39)\n    at Object.react_stack_bottom_frame (/Users/neo/Developer/experiments/HGG/robo-chat/node_modules/react-dom/cjs/react-dom-client.development.js:23953:20)\n    at runWithFiberInDEV (/Users/neo/Developer/experiments/HGG/robo-chat/node_modules/react-dom/cjs/react-dom-client.development.js:1522:13)\n    at commitHookEffectListMount (/Users/neo/Developer/experiments/HGG/robo-chat/node_modules/react-dom/cjs/react-dom-client.development.js:11905:29)\n    at commitHookPassiveMountEffects (/Users/neo/Developer/experiments/HGG/robo-chat/node_modules/react-dom/cjs/react-dom-client.development.js:12028:11)\n    at commitPassiveMountOnFiber (/Users/neo/Developer/experiments/HGG/robo-chat/node_modules/react-dom/cjs/react-dom-client.development.js:13841:13)\n    at recursivelyTraversePassiveMountEffects (/Users/neo/Developer/experiments/HGG/robo-chat/node_modules/react-dom/cjs/react-dom-client.development.js:13815:11)"],"meta":{}},{"ancestorTitles":["UI Store","Utility Hooks"],"fullName":"UI Store Utility Hooks should handle optimistic state errors","status":"failed","title":"should handle optimistic state errors","duration":2.46612499999992,"failureMessages":["Error: Maximum update depth exceeded. This can happen when a component repeatedly calls setState inside componentWillUpdate or componentDidUpdate. React limits the number of nested updates to prevent infinite loops.\n    at getRootForUpdatedFiber (/Users/neo/Developer/experiments/HGG/robo-chat/node_modules/react-dom/cjs/react-dom-client.development.js:3860:11)\n    at enqueueConcurrentRenderForLane (/Users/neo/Developer/experiments/HGG/robo-chat/node_modules/react-dom/cjs/react-dom-client.development.js:3824:14)\n    at forceStoreRerender (/Users/neo/Developer/experiments/HGG/robo-chat/node_modules/react-dom/cjs/react-dom-client.development.js:6123:18)\n    at updateStoreInstance (/Users/neo/Developer/experiments/HGG/robo-chat/node_modules/react-dom/cjs/react-dom-client.development.js:6105:39)\n    at Object.react_stack_bottom_frame (/Users/neo/Developer/experiments/HGG/robo-chat/node_modules/react-dom/cjs/react-dom-client.development.js:23953:20)\n    at runWithFiberInDEV (/Users/neo/Developer/experiments/HGG/robo-chat/node_modules/react-dom/cjs/react-dom-client.development.js:1522:13)\n    at commitHookEffectListMount (/Users/neo/Developer/experiments/HGG/robo-chat/node_modules/react-dom/cjs/react-dom-client.development.js:11905:29)\n    at commitHookPassiveMountEffects (/Users/neo/Developer/experiments/HGG/robo-chat/node_modules/react-dom/cjs/react-dom-client.development.js:12028:11)\n    at commitPassiveMountOnFiber (/Users/neo/Developer/experiments/HGG/robo-chat/node_modules/react-dom/cjs/react-dom-client.development.js:13841:13)\n    at recursivelyTraversePassiveMountEffects (/Users/neo/Developer/experiments/HGG/robo-chat/node_modules/react-dom/cjs/react-dom-client.development.js:13815:11)"],"meta":{}},{"ancestorTitles":["UI Store","Store Reset"],"fullName":"UI Store Store Reset should reset entire store to initial state","status":"passed","title":"should reset entire store to initial state","duration":0.878791000000092,"failureMessages":[],"meta":{}}],"startTime":1755696108139,"endTime":1755696108184.879,"status":"failed","message":"","name":"/Users/neo/Developer/experiments/HGG/robo-chat/tests/unit/ui-store.test.ts"},{"assertionResults":[],"startTime":1755696107248,"endTime":1755696107248,"status":"failed","message":"Missing \"./react\" specifier in \"ai\" package","name":"/Users/neo/Developer/experiments/HGG/robo-chat/tests/unit/use-chat-core.test.ts"},{"assertionResults":[{"ancestorTitles":["utils","cn()"],"fullName":"utils cn() should combine multiple class strings","status":"passed","title":"should combine multiple class strings","duration":4.899665999999797,"failureMessages":[],"meta":{}},{"ancestorTitles":["utils","cn()"],"fullName":"utils cn() should handle conditional classes","status":"passed","title":"should handle conditional classes","duration":0.19479200000000674,"failureMessages":[],"meta":{}},{"ancestorTitles":["utils","cn()"],"fullName":"utils cn() should merge conflicting Tailwind classes","status":"passed","title":"should merge conflicting Tailwind classes","duration":0.12266599999998107,"failureMessages":[],"meta":{}},{"ancestorTitles":["utils","cn()"],"fullName":"utils cn() should handle arrays of classes","status":"passed","title":"should handle arrays of classes","duration":0.15991699999995035,"failureMessages":[],"meta":{}},{"ancestorTitles":["utils","cn()"],"fullName":"utils cn() should handle objects with conditional classes","status":"passed","title":"should handle objects with conditional classes","duration":0.12149999999996908,"failureMessages":[],"meta":{}},{"ancestorTitles":["utils","cn()"],"fullName":"utils cn() should handle undefined and null values","status":"passed","title":"should handle undefined and null values","duration":0.11404200000015408,"failureMessages":[],"meta":{}},{"ancestorTitles":["utils","cn()"],"fullName":"utils cn() should return empty string for no valid classes","status":"passed","title":"should return empty string for no valid classes","duration":0.10212499999988722,"failureMessages":[],"meta":{}},{"ancestorTitles":["utils","cn()"],"fullName":"utils cn() should handle complex Tailwind merge scenarios","status":"passed","title":"should handle complex Tailwind merge scenarios","duration":0.13066600000001927,"failureMessages":[],"meta":{}},{"ancestorTitles":["utils","formatNumber()"],"fullName":"utils formatNumber() should format integers with commas","status":"passed","title":"should format integers with commas","duration":14.063750000000027,"failureMessages":[],"meta":{}},{"ancestorTitles":["utils","formatNumber()"],"fullName":"utils formatNumber() should format small numbers without commas","status":"passed","title":"should format small numbers without commas","duration":0.3546670000000631,"failureMessages":[],"meta":{}},{"ancestorTitles":["utils","formatNumber()"],"fullName":"utils formatNumber() should format negative numbers correctly","status":"passed","title":"should format negative numbers correctly","duration":0.21187499999996362,"failureMessages":[],"meta":{}},{"ancestorTitles":["utils","formatNumber()"],"fullName":"utils formatNumber() should format decimal numbers","status":"passed","title":"should format decimal numbers","duration":0.21666599999980463,"failureMessages":[],"meta":{}},{"ancestorTitles":["utils","formatNumber()"],"fullName":"utils formatNumber() should handle very large numbers","status":"passed","title":"should handle very large numbers","duration":0.1726659999999356,"failureMessages":[],"meta":{}},{"ancestorTitles":["utils","formatNumber()"],"fullName":"utils formatNumber() should handle edge cases","status":"passed","title":"should handle edge cases","duration":0.21629200000006676,"failureMessages":[],"meta":{}},{"ancestorTitles":["utils","debounce()"],"fullName":"utils debounce() should delay function execution","status":"passed","title":"should delay function execution","duration":1.963124999999991,"failureMessages":[],"meta":{}},{"ancestorTitles":["utils","debounce()"],"fullName":"utils debounce() should only execute the last call when called multiple times","status":"passed","title":"should only execute the last call when called multiple times","duration":1.058999999999969,"failureMessages":[],"meta":{}},{"ancestorTitles":["utils","debounce()"],"fullName":"utils debounce() should reset the timer on each call","status":"passed","title":"should reset the timer on each call","duration":0.25862499999993815,"failureMessages":[],"meta":{}},{"ancestorTitles":["utils","debounce()"],"fullName":"utils debounce() should handle functions with multiple arguments","status":"passed","title":"should handle functions with multiple arguments","duration":0.2713330000001406,"failureMessages":[],"meta":{}},{"ancestorTitles":["utils","debounce()"],"fullName":"utils debounce() should handle functions that return values","status":"passed","title":"should handle functions that return values","duration":0.22979099999997743,"failureMessages":[],"meta":{}},{"ancestorTitles":["utils","debounce()"],"fullName":"utils debounce() should work with different wait times","status":"passed","title":"should work with different wait times","duration":0.19233299999996234,"failureMessages":[],"meta":{}},{"ancestorTitles":["utils","debounce()"],"fullName":"utils debounce() should handle zero wait time","status":"passed","title":"should handle zero wait time","duration":0.17708300000003874,"failureMessages":[],"meta":{}},{"ancestorTitles":["utils","debounce()"],"fullName":"utils debounce() should preserve function context","status":"passed","title":"should preserve function context","duration":0.1866250000000491,"failureMessages":[],"meta":{}},{"ancestorTitles":["utils","debounce()"],"fullName":"utils debounce() should handle rapid successive calls correctly","status":"passed","title":"should handle rapid successive calls correctly","duration":0.27854099999990467,"failureMessages":[],"meta":{}},{"ancestorTitles":["utils","isDev"],"fullName":"utils isDev should be false in test environment","status":"passed","title":"should be false in test environment","duration":0.13183299999991505,"failureMessages":[],"meta":{}},{"ancestorTitles":["utils","isDev"],"fullName":"utils isDev should be a boolean value","status":"passed","title":"should be a boolean value","duration":0.0913749999999709,"failureMessages":[],"meta":{}},{"ancestorTitles":["utils","edge cases and error handling","cn() edge cases"],"fullName":"utils edge cases and error handling cn() edge cases should handle very long class strings","status":"passed","title":"should handle very long class strings","duration":0.4528330000000551,"failureMessages":[],"meta":{}},{"ancestorTitles":["utils","edge cases and error handling","cn() edge cases"],"fullName":"utils edge cases and error handling cn() edge cases should handle special characters in class names","status":"passed","title":"should handle special characters in class names","duration":0.19524999999998727,"failureMessages":[],"meta":{}},{"ancestorTitles":["utils","edge cases and error handling","formatNumber() edge cases"],"fullName":"utils edge cases and error handling formatNumber() edge cases should handle Infinity","status":"passed","title":"should handle Infinity","duration":0.16258300000004056,"failureMessages":[],"meta":{}},{"ancestorTitles":["utils","edge cases and error handling","formatNumber() edge cases"],"fullName":"utils edge cases and error handling formatNumber() edge cases should handle -Infinity","status":"passed","title":"should handle -Infinity","duration":0.11050000000000182,"failureMessages":[],"meta":{}},{"ancestorTitles":["utils","edge cases and error handling","formatNumber() edge cases"],"fullName":"utils edge cases and error handling formatNumber() edge cases should handle NaN","status":"passed","title":"should handle NaN","duration":0.0992079999998623,"failureMessages":[],"meta":{}},{"ancestorTitles":["utils","edge cases and error handling","formatNumber() edge cases"],"fullName":"utils edge cases and error handling formatNumber() edge cases should handle very small decimal numbers","status":"passed","title":"should handle very small decimal numbers","duration":0.1144579999997859,"failureMessages":[],"meta":{}},{"ancestorTitles":["utils","edge cases and error handling","debounce() edge cases"],"fullName":"utils edge cases and error handling debounce() edge cases should handle functions that throw errors","status":"passed","title":"should handle functions that throw errors","duration":0.8538330000001224,"failureMessages":[],"meta":{}},{"ancestorTitles":["utils","edge cases and error handling","debounce() edge cases"],"fullName":"utils edge cases and error handling debounce() edge cases should clear timeout properly when called multiple times","status":"passed","title":"should clear timeout properly when called multiple times","duration":0.31500000000005457,"failureMessages":[],"meta":{}}],"startTime":1755696108521,"endTime":1755696108550.315,"status":"passed","message":"","name":"/Users/neo/Developer/experiments/HGG/robo-chat/tests/unit/utils.test.ts"}]}