<testsuites id="" name="" tests="2" failures="2" skipped="0" errors="0" time="246.379357">
<testsuite name="chat-workflow.test.ts" timestamp="2025-09-04T11:09:20.246Z" hostname="chromium" tests="1" failures="1" skipped="0" time="132.424" errors="0">
<testcase name="Chat Workflow Integration › Real-time Features › should handle streaming responses correctly" classname="chat-workflow.test.ts" time="132.424">
<failure message="chat-workflow.test.ts:541:9 should handle streaming responses correctly" type="FAILURE">
<![CDATA[  [chromium] › chat-workflow.test.ts:541:9 › Chat Workflow Integration › Real-time Features › should handle streaming responses correctly 

    TimeoutError: page.fill: Timeout 45000ms exceeded.
    Call log:
      - waiting for locator('[data-testid="chat-input"]')


      583 |       });
      584 |
    > 585 |       await page.fill('[data-testid="chat-input"]', 'Test streaming');
          |                  ^
      586 |       await page.click('[data-testid="send-button"]');
      587 |
      588 |       // Wait for streaming to complete
        at /root/repo/tests/e2e/chat-workflow.test.ts:585:18

    attachment #1: screenshot (image/png) ──────────────────────────────────────────────────────────
    ../../playwright-test-results/chat-workflow-Chat-Workflo-13188-reaming-responses-correctly-chromium/test-failed-1.png
    ────────────────────────────────────────────────────────────────────────────────────────────────

    attachment #2: video (video/webm) ──────────────────────────────────────────────────────────────
    ../../playwright-test-results/chat-workflow-Chat-Workflo-13188-reaming-responses-correctly-chromium/video.webm
    ────────────────────────────────────────────────────────────────────────────────────────────────

    Error Context: ../../playwright-test-results/chat-workflow-Chat-Workflo-13188-reaming-responses-correctly-chromium/error-context.md

    Retry #1 ───────────────────────────────────────────────────────────────────────────────────────

    TimeoutError: page.fill: Timeout 45000ms exceeded.
    Call log:
      - waiting for locator('[data-testid="chat-input"]')


      583 |       });
      584 |
    > 585 |       await page.fill('[data-testid="chat-input"]', 'Test streaming');
          |                  ^
      586 |       await page.click('[data-testid="send-button"]');
      587 |
      588 |       // Wait for streaming to complete
        at /root/repo/tests/e2e/chat-workflow.test.ts:585:18

    attachment #1: screenshot (image/png) ──────────────────────────────────────────────────────────
    ../../playwright-test-results/chat-workflow-Chat-Workflo-13188-reaming-responses-correctly-chromium-retry1/test-failed-1.png
    ────────────────────────────────────────────────────────────────────────────────────────────────

    attachment #2: video (video/webm) ──────────────────────────────────────────────────────────────
    ../../playwright-test-results/chat-workflow-Chat-Workflo-13188-reaming-responses-correctly-chromium-retry1/video.webm
    ────────────────────────────────────────────────────────────────────────────────────────────────

    Error Context: ../../playwright-test-results/chat-workflow-Chat-Workflo-13188-reaming-responses-correctly-chromium-retry1/error-context.md

    attachment #4: trace (application/zip) ─────────────────────────────────────────────────────────
    ../../playwright-test-results/chat-workflow-Chat-Workflo-13188-reaming-responses-correctly-chromium-retry1/trace.zip
    Usage:

        pnpm exec playwright show-trace ../../playwright-test-results/chat-workflow-Chat-Workflo-13188-reaming-responses-correctly-chromium-retry1/trace.zip

    ────────────────────────────────────────────────────────────────────────────────────────────────
]]>
</failure>
<system-out>
<![CDATA[
[[ATTACHMENT|../playwright-test-results/chat-workflow-Chat-Workflo-13188-reaming-responses-correctly-chromium/test-failed-1.png]]

[[ATTACHMENT|../playwright-test-results/chat-workflow-Chat-Workflo-13188-reaming-responses-correctly-chromium/video.webm]]

[[ATTACHMENT|../playwright-test-results/chat-workflow-Chat-Workflo-13188-reaming-responses-correctly-chromium/error-context.md]]

[[ATTACHMENT|../playwright-test-results/chat-workflow-Chat-Workflo-13188-reaming-responses-correctly-chromium-retry1/test-failed-1.png]]

[[ATTACHMENT|../playwright-test-results/chat-workflow-Chat-Workflo-13188-reaming-responses-correctly-chromium-retry1/video.webm]]

[[ATTACHMENT|../playwright-test-results/chat-workflow-Chat-Workflo-13188-reaming-responses-correctly-chromium-retry1/error-context.md]]

[[ATTACHMENT|../playwright-test-results/chat-workflow-Chat-Workflo-13188-reaming-responses-correctly-chromium-retry1/trace.zip]]
]]>
</system-out>
</testcase>
</testsuite>
<testsuite name="chat-workflow.test.ts" timestamp="2025-09-04T11:09:20.246Z" hostname="Mobile Chrome" tests="1" failures="1" skipped="0" time="133.122" errors="0">
<testcase name="Chat Workflow Integration › Real-time Features › should handle streaming responses correctly" classname="chat-workflow.test.ts" time="133.122">
<failure message="chat-workflow.test.ts:541:9 should handle streaming responses correctly" type="FAILURE">
<![CDATA[  [Mobile Chrome] › chat-workflow.test.ts:541:9 › Chat Workflow Integration › Real-time Features › should handle streaming responses correctly 

    TimeoutError: page.fill: Timeout 45000ms exceeded.
    Call log:
      - waiting for locator('[data-testid="chat-input"]')


      583 |       });
      584 |
    > 585 |       await page.fill('[data-testid="chat-input"]', 'Test streaming');
          |                  ^
      586 |       await page.click('[data-testid="send-button"]');
      587 |
      588 |       // Wait for streaming to complete
        at /root/repo/tests/e2e/chat-workflow.test.ts:585:18

    attachment #1: screenshot (image/png) ──────────────────────────────────────────────────────────
    ../../playwright-test-results/chat-workflow-Chat-Workflo-13188-reaming-responses-correctly-Mobile-Chrome/test-failed-1.png
    ────────────────────────────────────────────────────────────────────────────────────────────────

    attachment #2: video (video/webm) ──────────────────────────────────────────────────────────────
    ../../playwright-test-results/chat-workflow-Chat-Workflo-13188-reaming-responses-correctly-Mobile-Chrome/video.webm
    ────────────────────────────────────────────────────────────────────────────────────────────────

    Error Context: ../../playwright-test-results/chat-workflow-Chat-Workflo-13188-reaming-responses-correctly-Mobile-Chrome/error-context.md

    Retry #1 ───────────────────────────────────────────────────────────────────────────────────────

    TimeoutError: page.fill: Timeout 45000ms exceeded.
    Call log:
      - waiting for locator('[data-testid="chat-input"]')


      583 |       });
      584 |
    > 585 |       await page.fill('[data-testid="chat-input"]', 'Test streaming');
          |                  ^
      586 |       await page.click('[data-testid="send-button"]');
      587 |
      588 |       // Wait for streaming to complete
        at /root/repo/tests/e2e/chat-workflow.test.ts:585:18

    attachment #1: screenshot (image/png) ──────────────────────────────────────────────────────────
    ../../playwright-test-results/chat-workflow-Chat-Workflo-13188-reaming-responses-correctly-Mobile-Chrome-retry1/test-failed-1.png
    ────────────────────────────────────────────────────────────────────────────────────────────────

    attachment #2: video (video/webm) ──────────────────────────────────────────────────────────────
    ../../playwright-test-results/chat-workflow-Chat-Workflo-13188-reaming-responses-correctly-Mobile-Chrome-retry1/video.webm
    ────────────────────────────────────────────────────────────────────────────────────────────────

    Error Context: ../../playwright-test-results/chat-workflow-Chat-Workflo-13188-reaming-responses-correctly-Mobile-Chrome-retry1/error-context.md

    attachment #4: trace (application/zip) ─────────────────────────────────────────────────────────
    ../../playwright-test-results/chat-workflow-Chat-Workflo-13188-reaming-responses-correctly-Mobile-Chrome-retry1/trace.zip
    Usage:

        pnpm exec playwright show-trace ../../playwright-test-results/chat-workflow-Chat-Workflo-13188-reaming-responses-correctly-Mobile-Chrome-retry1/trace.zip

    ────────────────────────────────────────────────────────────────────────────────────────────────
]]>
</failure>
<system-out>
<![CDATA[
[[ATTACHMENT|../playwright-test-results/chat-workflow-Chat-Workflo-13188-reaming-responses-correctly-Mobile-Chrome/test-failed-1.png]]

[[ATTACHMENT|../playwright-test-results/chat-workflow-Chat-Workflo-13188-reaming-responses-correctly-Mobile-Chrome/video.webm]]

[[ATTACHMENT|../playwright-test-results/chat-workflow-Chat-Workflo-13188-reaming-responses-correctly-Mobile-Chrome/error-context.md]]

[[ATTACHMENT|../playwright-test-results/chat-workflow-Chat-Workflo-13188-reaming-responses-correctly-Mobile-Chrome-retry1/test-failed-1.png]]

[[ATTACHMENT|../playwright-test-results/chat-workflow-Chat-Workflo-13188-reaming-responses-correctly-Mobile-Chrome-retry1/video.webm]]

[[ATTACHMENT|../playwright-test-results/chat-workflow-Chat-Workflo-13188-reaming-responses-correctly-Mobile-Chrome-retry1/error-context.md]]

[[ATTACHMENT|../playwright-test-results/chat-workflow-Chat-Workflo-13188-reaming-responses-correctly-Mobile-Chrome-retry1/trace.zip]]
]]>
</system-out>
</testcase>
</testsuite>
</testsuites>