<testsuites id="" name="" tests="2" failures="2" skipped="0" errors="0" time="166.234846">
<testsuite name="test-mock-streaming.spec.ts" timestamp="2025-09-04T12:34:17.426Z" hostname="chromium" tests="1" failures="1" skipped="0" time="41.299" errors="0">
<testcase name="Mock streaming page › renders reasoning and assistant text via AI SDK v5 stream" classname="test-mock-streaming.spec.ts" time="41.299">
<failure message="test-mock-streaming.spec.ts:4:7 renders reasoning and assistant text via AI SDK v5 stream" type="FAILURE">
<![CDATA[  [chromium] › test-mock-streaming.spec.ts:4:7 › Mock streaming page › renders reasoning and assistant text via AI SDK v5 stream 

    Error: expect(locator).toBeVisible() failed

    Locator:  getByText('Streaming...')
    Expected: visible
    Received: <element(s) not found>
    Timeout:  15000ms

    Call log:
      - Expect "toBeVisible" with timeout 15000ms
      - waiting for getByText('Streaming...')


      15 |
      16 |     // While streaming, we should see a streaming indicator
    > 17 |     await expect(page.getByText('Streaming...')).toBeVisible();
         |                                                  ^
      18 |
      19 |     // Reasoning deltas appear in a highlighted box
      20 |     await expect(page.getByText('REASONING:')).toBeVisible();
        at /root/repo/tests/e2e/test-mock-streaming.spec.ts:17:50

    attachment #1: screenshot (image/png) ──────────────────────────────────────────────────────────
    ../../playwright-test-results/test-mock-streaming-Mock-s-0a3d6-t-text-via-AI-SDK-v5-stream-chromium/test-failed-1.png
    ────────────────────────────────────────────────────────────────────────────────────────────────

    attachment #2: video (video/webm) ──────────────────────────────────────────────────────────────
    ../../playwright-test-results/test-mock-streaming-Mock-s-0a3d6-t-text-via-AI-SDK-v5-stream-chromium/video.webm
    ────────────────────────────────────────────────────────────────────────────────────────────────

    Error Context: ../../playwright-test-results/test-mock-streaming-Mock-s-0a3d6-t-text-via-AI-SDK-v5-stream-chromium/error-context.md

    Retry #1 ───────────────────────────────────────────────────────────────────────────────────────

    Error: expect(locator).toBeVisible() failed

    Locator:  getByText('Streaming...')
    Expected: visible
    Received: <element(s) not found>
    Timeout:  15000ms

    Call log:
      - Expect "toBeVisible" with timeout 15000ms
      - waiting for getByText('Streaming...')


      15 |
      16 |     // While streaming, we should see a streaming indicator
    > 17 |     await expect(page.getByText('Streaming...')).toBeVisible();
         |                                                  ^
      18 |
      19 |     // Reasoning deltas appear in a highlighted box
      20 |     await expect(page.getByText('REASONING:')).toBeVisible();
        at /root/repo/tests/e2e/test-mock-streaming.spec.ts:17:50

    attachment #1: screenshot (image/png) ──────────────────────────────────────────────────────────
    ../../playwright-test-results/test-mock-streaming-Mock-s-0a3d6-t-text-via-AI-SDK-v5-stream-chromium-retry1/test-failed-1.png
    ────────────────────────────────────────────────────────────────────────────────────────────────

    attachment #2: video (video/webm) ──────────────────────────────────────────────────────────────
    ../../playwright-test-results/test-mock-streaming-Mock-s-0a3d6-t-text-via-AI-SDK-v5-stream-chromium-retry1/video.webm
    ────────────────────────────────────────────────────────────────────────────────────────────────

    Error Context: ../../playwright-test-results/test-mock-streaming-Mock-s-0a3d6-t-text-via-AI-SDK-v5-stream-chromium-retry1/error-context.md

    attachment #4: trace (application/zip) ─────────────────────────────────────────────────────────
    ../../playwright-test-results/test-mock-streaming-Mock-s-0a3d6-t-text-via-AI-SDK-v5-stream-chromium-retry1/trace.zip
    Usage:

        pnpm exec playwright show-trace ../../playwright-test-results/test-mock-streaming-Mock-s-0a3d6-t-text-via-AI-SDK-v5-stream-chromium-retry1/trace.zip

    ────────────────────────────────────────────────────────────────────────────────────────────────
]]>
</failure>
<system-out>
<![CDATA[
[[ATTACHMENT|../playwright-test-results/test-mock-streaming-Mock-s-0a3d6-t-text-via-AI-SDK-v5-stream-chromium/test-failed-1.png]]

[[ATTACHMENT|../playwright-test-results/test-mock-streaming-Mock-s-0a3d6-t-text-via-AI-SDK-v5-stream-chromium/video.webm]]

[[ATTACHMENT|../playwright-test-results/test-mock-streaming-Mock-s-0a3d6-t-text-via-AI-SDK-v5-stream-chromium/error-context.md]]

[[ATTACHMENT|../playwright-test-results/test-mock-streaming-Mock-s-0a3d6-t-text-via-AI-SDK-v5-stream-chromium-retry1/test-failed-1.png]]

[[ATTACHMENT|../playwright-test-results/test-mock-streaming-Mock-s-0a3d6-t-text-via-AI-SDK-v5-stream-chromium-retry1/video.webm]]

[[ATTACHMENT|../playwright-test-results/test-mock-streaming-Mock-s-0a3d6-t-text-via-AI-SDK-v5-stream-chromium-retry1/error-context.md]]

[[ATTACHMENT|../playwright-test-results/test-mock-streaming-Mock-s-0a3d6-t-text-via-AI-SDK-v5-stream-chromium-retry1/trace.zip]]
]]>
</system-out>
</testcase>
</testsuite>
<testsuite name="test-mock-streaming.spec.ts" timestamp="2025-09-04T12:34:17.426Z" hostname="Mobile Chrome" tests="1" failures="1" skipped="0" time="45.698" errors="0">
<testcase name="Mock streaming page › renders reasoning and assistant text via AI SDK v5 stream" classname="test-mock-streaming.spec.ts" time="45.698">
<failure message="test-mock-streaming.spec.ts:4:7 renders reasoning and assistant text via AI SDK v5 stream" type="FAILURE">
<![CDATA[  [Mobile Chrome] › test-mock-streaming.spec.ts:4:7 › Mock streaming page › renders reasoning and assistant text via AI SDK v5 stream 

    Error: expect(locator).toBeVisible() failed

    Locator:  getByText('Streaming...')
    Expected: visible
    Received: <element(s) not found>
    Timeout:  15000ms

    Call log:
      - Expect "toBeVisible" with timeout 15000ms
      - waiting for getByText('Streaming...')


      15 |
      16 |     // While streaming, we should see a streaming indicator
    > 17 |     await expect(page.getByText('Streaming...')).toBeVisible();
         |                                                  ^
      18 |
      19 |     // Reasoning deltas appear in a highlighted box
      20 |     await expect(page.getByText('REASONING:')).toBeVisible();
        at /root/repo/tests/e2e/test-mock-streaming.spec.ts:17:50

    attachment #1: screenshot (image/png) ──────────────────────────────────────────────────────────
    ../../playwright-test-results/test-mock-streaming-Mock-s-0a3d6-t-text-via-AI-SDK-v5-stream-Mobile-Chrome/test-failed-1.png
    ────────────────────────────────────────────────────────────────────────────────────────────────

    attachment #2: video (video/webm) ──────────────────────────────────────────────────────────────
    ../../playwright-test-results/test-mock-streaming-Mock-s-0a3d6-t-text-via-AI-SDK-v5-stream-Mobile-Chrome/video.webm
    ────────────────────────────────────────────────────────────────────────────────────────────────

    Error Context: ../../playwright-test-results/test-mock-streaming-Mock-s-0a3d6-t-text-via-AI-SDK-v5-stream-Mobile-Chrome/error-context.md

    Retry #1 ───────────────────────────────────────────────────────────────────────────────────────

    Error: expect(locator).toBeVisible() failed

    Locator:  getByText('Streaming...')
    Expected: visible
    Received: <element(s) not found>
    Timeout:  15000ms

    Call log:
      - Expect "toBeVisible" with timeout 15000ms
      - waiting for getByText('Streaming...')


      15 |
      16 |     // While streaming, we should see a streaming indicator
    > 17 |     await expect(page.getByText('Streaming...')).toBeVisible();
         |                                                  ^
      18 |
      19 |     // Reasoning deltas appear in a highlighted box
      20 |     await expect(page.getByText('REASONING:')).toBeVisible();
        at /root/repo/tests/e2e/test-mock-streaming.spec.ts:17:50

    attachment #1: screenshot (image/png) ──────────────────────────────────────────────────────────
    ../../playwright-test-results/test-mock-streaming-Mock-s-0a3d6-t-text-via-AI-SDK-v5-stream-Mobile-Chrome-retry1/test-failed-1.png
    ────────────────────────────────────────────────────────────────────────────────────────────────

    attachment #2: video (video/webm) ──────────────────────────────────────────────────────────────
    ../../playwright-test-results/test-mock-streaming-Mock-s-0a3d6-t-text-via-AI-SDK-v5-stream-Mobile-Chrome-retry1/video.webm
    ────────────────────────────────────────────────────────────────────────────────────────────────

    Error Context: ../../playwright-test-results/test-mock-streaming-Mock-s-0a3d6-t-text-via-AI-SDK-v5-stream-Mobile-Chrome-retry1/error-context.md

    attachment #4: trace (application/zip) ─────────────────────────────────────────────────────────
    ../../playwright-test-results/test-mock-streaming-Mock-s-0a3d6-t-text-via-AI-SDK-v5-stream-Mobile-Chrome-retry1/trace.zip
    Usage:

        pnpm exec playwright show-trace ../../playwright-test-results/test-mock-streaming-Mock-s-0a3d6-t-text-via-AI-SDK-v5-stream-Mobile-Chrome-retry1/trace.zip

    ────────────────────────────────────────────────────────────────────────────────────────────────
]]>
</failure>
<system-out>
<![CDATA[
[[ATTACHMENT|../playwright-test-results/test-mock-streaming-Mock-s-0a3d6-t-text-via-AI-SDK-v5-stream-Mobile-Chrome/test-failed-1.png]]

[[ATTACHMENT|../playwright-test-results/test-mock-streaming-Mock-s-0a3d6-t-text-via-AI-SDK-v5-stream-Mobile-Chrome/video.webm]]

[[ATTACHMENT|../playwright-test-results/test-mock-streaming-Mock-s-0a3d6-t-text-via-AI-SDK-v5-stream-Mobile-Chrome/error-context.md]]

[[ATTACHMENT|../playwright-test-results/test-mock-streaming-Mock-s-0a3d6-t-text-via-AI-SDK-v5-stream-Mobile-Chrome-retry1/test-failed-1.png]]

[[ATTACHMENT|../playwright-test-results/test-mock-streaming-Mock-s-0a3d6-t-text-via-AI-SDK-v5-stream-Mobile-Chrome-retry1/video.webm]]

[[ATTACHMENT|../playwright-test-results/test-mock-streaming-Mock-s-0a3d6-t-text-via-AI-SDK-v5-stream-Mobile-Chrome-retry1/error-context.md]]

[[ATTACHMENT|../playwright-test-results/test-mock-streaming-Mock-s-0a3d6-t-text-via-AI-SDK-v5-stream-Mobile-Chrome-retry1/trace.zip]]
]]>
</system-out>
</testcase>
</testsuite>
</testsuites>