<testsuites id="" name="" tests="7" failures="7" skipped="0" errors="0" time="98.66116900000002">
<testsuite name="chat-flow.spec.ts" timestamp="2025-08-20T17:56:00.854Z" hostname="chromium" tests="1" failures="1" skipped="0" time="48.305" errors="0">
<testcase name="Chat Message Flow › When user sends a message › should display the message and show loading indicator" classname="chat-flow.spec.ts" time="48.305">
<failure message="chat-flow.spec.ts:61:9 should display the message and show loading indicator" type="FAILURE">
<![CDATA[  [chromium] › chat-flow.spec.ts:61:9 › Chat Message Flow › When user sends a message › should display the message and show loading indicator 

    TimeoutError: page.waitForSelector: Timeout 30000ms exceeded.
    Call log:
      - waiting for locator('[data-testid="chat-input"]') to be visible


       at fixtures.ts:40

      38 |       chatInput: async () => {
      39 |         await page.goto('/');
    > 40 |         await page.waitForSelector('[data-testid="chat-input"]', {
         |                    ^
      41 |           state: 'visible',
      42 |         });
      43 |       },
        at Object.chatInput (/Users/neo/Developer/experiments/HGG/robo-chat/tests/e2e/fixtures.ts:40:20)
        at /Users/neo/Developer/experiments/HGG/robo-chat/tests/e2e/chat-flow.spec.ts:66:7

    attachment #1: screenshot (image/png) ──────────────────────────────────────────────────────────
    ../../playwright-test-results/chat-flow-Chat-Message-Flo-dad4f--and-show-loading-indicator-chromium/test-failed-1.png
    ────────────────────────────────────────────────────────────────────────────────────────────────

    attachment #2: video (video/webm) ──────────────────────────────────────────────────────────────
    ../../playwright-test-results/chat-flow-Chat-Message-Flo-dad4f--and-show-loading-indicator-chromium/video.webm
    ────────────────────────────────────────────────────────────────────────────────────────────────

    Error Context: ../../playwright-test-results/chat-flow-Chat-Message-Flo-dad4f--and-show-loading-indicator-chromium/error-context.md
]]>
</failure>
<system-out>
<![CDATA[
[[ATTACHMENT|../playwright-test-results/chat-flow-Chat-Message-Flo-dad4f--and-show-loading-indicator-chromium/test-failed-1.png]]

[[ATTACHMENT|../playwright-test-results/chat-flow-Chat-Message-Flo-dad4f--and-show-loading-indicator-chromium/video.webm]]

[[ATTACHMENT|../playwright-test-results/chat-flow-Chat-Message-Flo-dad4f--and-show-loading-indicator-chromium/error-context.md]]
]]>
</system-out>
</testcase>
</testsuite>
<testsuite name="chat-flow.spec.ts" timestamp="2025-08-20T17:56:00.854Z" hostname="firefox" tests="1" failures="1" skipped="0" time="0.005" errors="0">
<testcase name="Chat Message Flow › When user sends a message › should display the message and show loading indicator" classname="chat-flow.spec.ts" time="0.005">
<failure message="chat-flow.spec.ts:61:9 should display the message and show loading indicator" type="FAILURE">
<![CDATA[  [firefox] › chat-flow.spec.ts:61:9 › Chat Message Flow › When user sends a message › should display the message and show loading indicator 

    Error: browserType.launch: Executable doesn't exist at /Users/neo/Library/Caches/ms-playwright/firefox-1490/firefox/Nightly.app/Contents/MacOS/firefox
    ╔═════════════════════════════════════════════════════════════════════════╗
    ║ Looks like Playwright Test or Playwright was just installed or updated. ║
    ║ Please run the following command to download new browsers:              ║
    ║                                                                         ║
    ║     npx playwright install                                              ║
    ║                                                                         ║
    ║ <3 Playwright Team                                                      ║
    ╚═════════════════════════════════════════════════════════════════════════╝
]]>
</failure>
</testcase>
</testsuite>
<testsuite name="chat-flow.spec.ts" timestamp="2025-08-20T17:56:00.854Z" hostname="webkit" tests="1" failures="1" skipped="0" time="0.009" errors="0">
<testcase name="Chat Message Flow › When user sends a message › should display the message and show loading indicator" classname="chat-flow.spec.ts" time="0.009">
<failure message="chat-flow.spec.ts:61:9 should display the message and show loading indicator" type="FAILURE">
<![CDATA[  [webkit] › chat-flow.spec.ts:61:9 › Chat Message Flow › When user sends a message › should display the message and show loading indicator 

    Error: browserType.launch: Executable doesn't exist at /Users/neo/Library/Caches/ms-playwright/webkit-2203/pw_run.sh
    ╔═════════════════════════════════════════════════════════════════════════╗
    ║ Looks like Playwright Test or Playwright was just installed or updated. ║
    ║ Please run the following command to download new browsers:              ║
    ║                                                                         ║
    ║     npx playwright install                                              ║
    ║                                                                         ║
    ║ <3 Playwright Team                                                      ║
    ╚═════════════════════════════════════════════════════════════════════════╝
]]>
</failure>
</testcase>
</testsuite>
<testsuite name="chat-flow.spec.ts" timestamp="2025-08-20T17:56:00.854Z" hostname="Mobile Chrome" tests="1" failures="1" skipped="0" time="46.64" errors="0">
<testcase name="Chat Message Flow › When user sends a message › should display the message and show loading indicator" classname="chat-flow.spec.ts" time="46.64">
<failure message="chat-flow.spec.ts:61:9 should display the message and show loading indicator" type="FAILURE">
<![CDATA[  [Mobile Chrome] › chat-flow.spec.ts:61:9 › Chat Message Flow › When user sends a message › should display the message and show loading indicator 

    TimeoutError: page.waitForSelector: Timeout 30000ms exceeded.
    Call log:
      - waiting for locator('[data-testid="chat-input"]') to be visible


       at fixtures.ts:40

      38 |       chatInput: async () => {
      39 |         await page.goto('/');
    > 40 |         await page.waitForSelector('[data-testid="chat-input"]', {
         |                    ^
      41 |           state: 'visible',
      42 |         });
      43 |       },
        at Object.chatInput (/Users/neo/Developer/experiments/HGG/robo-chat/tests/e2e/fixtures.ts:40:20)
        at /Users/neo/Developer/experiments/HGG/robo-chat/tests/e2e/chat-flow.spec.ts:66:7

    attachment #1: screenshot (image/png) ──────────────────────────────────────────────────────────
    ../../playwright-test-results/chat-flow-Chat-Message-Flo-dad4f--and-show-loading-indicator-Mobile-Chrome/test-failed-1.png
    ────────────────────────────────────────────────────────────────────────────────────────────────

    attachment #2: video (video/webm) ──────────────────────────────────────────────────────────────
    ../../playwright-test-results/chat-flow-Chat-Message-Flo-dad4f--and-show-loading-indicator-Mobile-Chrome/video.webm
    ────────────────────────────────────────────────────────────────────────────────────────────────

    Error Context: ../../playwright-test-results/chat-flow-Chat-Message-Flo-dad4f--and-show-loading-indicator-Mobile-Chrome/error-context.md
]]>
</failure>
<system-out>
<![CDATA[
[[ATTACHMENT|../playwright-test-results/chat-flow-Chat-Message-Flo-dad4f--and-show-loading-indicator-Mobile-Chrome/test-failed-1.png]]

[[ATTACHMENT|../playwright-test-results/chat-flow-Chat-Message-Flo-dad4f--and-show-loading-indicator-Mobile-Chrome/video.webm]]

[[ATTACHMENT|../playwright-test-results/chat-flow-Chat-Message-Flo-dad4f--and-show-loading-indicator-Mobile-Chrome/error-context.md]]
]]>
</system-out>
</testcase>
</testsuite>
<testsuite name="chat-flow.spec.ts" timestamp="2025-08-20T17:56:00.854Z" hostname="Mobile Safari" tests="1" failures="1" skipped="0" time="0.004" errors="0">
<testcase name="Chat Message Flow › When user sends a message › should display the message and show loading indicator" classname="chat-flow.spec.ts" time="0.004">
<failure message="chat-flow.spec.ts:61:9 should display the message and show loading indicator" type="FAILURE">
<![CDATA[  [Mobile Safari] › chat-flow.spec.ts:61:9 › Chat Message Flow › When user sends a message › should display the message and show loading indicator 

    Error: browserType.launch: Executable doesn't exist at /Users/neo/Library/Caches/ms-playwright/webkit-2203/pw_run.sh
    ╔═════════════════════════════════════════════════════════════════════════╗
    ║ Looks like Playwright Test or Playwright was just installed or updated. ║
    ║ Please run the following command to download new browsers:              ║
    ║                                                                         ║
    ║     npx playwright install                                              ║
    ║                                                                         ║
    ║ <3 Playwright Team                                                      ║
    ╚═════════════════════════════════════════════════════════════════════════╝
]]>
</failure>
</testcase>
</testsuite>
<testsuite name="chat-flow.spec.ts" timestamp="2025-08-20T17:56:00.854Z" hostname="Microsoft Edge" tests="1" failures="1" skipped="0" time="0.005" errors="0">
<testcase name="Chat Message Flow › When user sends a message › should display the message and show loading indicator" classname="chat-flow.spec.ts" time="0.005">
<failure message="chat-flow.spec.ts:61:9 should display the message and show loading indicator" type="FAILURE">
<![CDATA[  [Microsoft Edge] › chat-flow.spec.ts:61:9 › Chat Message Flow › When user sends a message › should display the message and show loading indicator 

    Error: browserType.launch: Chromium distribution 'msedge' is not found at /Applications/Microsoft Edge.app/Contents/MacOS/Microsoft Edge
    Run "npx playwright install msedge"
]]>
</failure>
</testcase>
</testsuite>
<testsuite name="chat-flow.spec.ts" timestamp="2025-08-20T17:56:00.854Z" hostname="Google Chrome" tests="1" failures="1" skipped="0" time="43.215" errors="0">
<testcase name="Chat Message Flow › When user sends a message › should display the message and show loading indicator" classname="chat-flow.spec.ts" time="43.215">
<failure message="chat-flow.spec.ts:61:9 should display the message and show loading indicator" type="FAILURE">
<![CDATA[  [Google Chrome] › chat-flow.spec.ts:61:9 › Chat Message Flow › When user sends a message › should display the message and show loading indicator 

    TimeoutError: page.waitForSelector: Timeout 30000ms exceeded.
    Call log:
      - waiting for locator('[data-testid="chat-input"]') to be visible


       at fixtures.ts:40

      38 |       chatInput: async () => {
      39 |         await page.goto('/');
    > 40 |         await page.waitForSelector('[data-testid="chat-input"]', {
         |                    ^
      41 |           state: 'visible',
      42 |         });
      43 |       },
        at Object.chatInput (/Users/neo/Developer/experiments/HGG/robo-chat/tests/e2e/fixtures.ts:40:20)
        at /Users/neo/Developer/experiments/HGG/robo-chat/tests/e2e/chat-flow.spec.ts:66:7

    attachment #1: screenshot (image/png) ──────────────────────────────────────────────────────────
    ../../playwright-test-results/chat-flow-Chat-Message-Flo-dad4f--and-show-loading-indicator-Google-Chrome/test-failed-1.png
    ────────────────────────────────────────────────────────────────────────────────────────────────

    attachment #2: video (video/webm) ──────────────────────────────────────────────────────────────
    ../../playwright-test-results/chat-flow-Chat-Message-Flo-dad4f--and-show-loading-indicator-Google-Chrome/video.webm
    ────────────────────────────────────────────────────────────────────────────────────────────────

    Error Context: ../../playwright-test-results/chat-flow-Chat-Message-Flo-dad4f--and-show-loading-indicator-Google-Chrome/error-context.md
]]>
</failure>
<system-out>
<![CDATA[
[[ATTACHMENT|../playwright-test-results/chat-flow-Chat-Message-Flo-dad4f--and-show-loading-indicator-Google-Chrome/test-failed-1.png]]

[[ATTACHMENT|../playwright-test-results/chat-flow-Chat-Message-Flo-dad4f--and-show-loading-indicator-Google-Chrome/video.webm]]

[[ATTACHMENT|../playwright-test-results/chat-flow-Chat-Message-Flo-dad4f--and-show-loading-indicator-Google-Chrome/error-context.md]]
]]>
</system-out>
</testcase>
</testsuite>
</testsuites>